<?xml version="1.0" encoding="utf-8"?>
<CoverageSession xmlns:xsd="http://www.w3.org/2001/XMLSchema" xmlns:xsi="http://www.w3.org/2001/XMLSchema-instance">
  <Summary numSequencePoints="255" visitedSequencePoints="151" numBranchPoints="212" visitedBranchPoints="79" sequenceCoverage="59.22" branchCoverage="37.26" maxCyclomaticComplexity="30" minCyclomaticComplexity="1" visitedClasses="20" numClasses="27" visitedMethods="42" numMethods="68" />
  <Modules>
    <Module skippedDueTo="Filter" hash="DD-4A-21-58-15-61-00-47-63-11-60-F6-AC-8D-42-15-1F-03-22-6E">
      <ModulePath>C:\Windows\Microsoft.Net\assembly\GAC_64\mscorlib\v4.0_4.0.0.0__b77a5c561934e089\mscorlib.dll</ModulePath>
      <ModuleTime>2017-10-26T00:51:35.1201982Z</ModuleTime>
      <ModuleName>mscorlib</ModuleName>
      <Classes />
    </Module>
    <Module skippedDueTo="Filter" hash="86-E9-3D-3D-7C-09-09-11-61-67-42-C6-1E-4B-75-FF-C4-1C-03-96">
      <ModulePath>C:\GitHub\DesignByContract\tools\NUnit.ConsoleRunner.3.8.0\tools\nunit3-console.exe</ModulePath>
      <ModuleTime>2018-01-27T13:27:14Z</ModuleTime>
      <ModuleName>nunit3-console</ModuleName>
      <Classes />
    </Module>
    <Module skippedDueTo="Filter" hash="CB-7B-C7-A0-09-0F-BA-F4-8A-02-A9-E9-2A-7B-43-34-93-46-0F-58">
      <ModulePath>C:\Windows\Microsoft.Net\assembly\GAC_MSIL\System\v4.0_4.0.0.0__b77a5c561934e089\System.dll</ModulePath>
      <ModuleTime>2017-09-29T13:43:06.7717063Z</ModuleTime>
      <ModuleName>System</ModuleName>
      <Classes />
    </Module>
    <Module skippedDueTo="Filter" hash="C1-08-CD-F2-59-9C-E6-0B-62-F9-09-43-74-9F-8D-57-9D-A9-93-31">
      <ModulePath>C:\GitHub\DesignByContract\tools\NUnit.ConsoleRunner.3.8.0\tools\nunit.engine.api.dll</ModulePath>
      <ModuleTime>2018-01-27T13:27:14Z</ModuleTime>
      <ModuleName>nunit.engine.api</ModuleName>
      <Classes />
    </Module>
    <Module skippedDueTo="Filter" hash="95-2A-FF-98-B6-82-8F-7C-F0-AC-3D-56-5A-54-93-7D-3B-32-4F-7B">
      <ModulePath>C:\GitHub\DesignByContract\tools\NUnit.ConsoleRunner.3.8.0\tools\nunit.engine.dll</ModulePath>
      <ModuleTime>2018-01-27T13:27:14Z</ModuleTime>
      <ModuleName>nunit.engine</ModuleName>
      <Classes />
    </Module>
    <Module skippedDueTo="Filter" hash="D8-63-F1-E9-A7-C7-46-41-84-D7-48-3C-8D-DA-28-7F-0C-FB-DD-A8">
      <ModulePath>C:\Windows\Microsoft.Net\assembly\GAC_MSIL\System.Xml\v4.0_4.0.0.0__b77a5c561934e089\System.Xml.dll</ModulePath>
      <ModuleTime>2017-09-29T13:43:06.7092017Z</ModuleTime>
      <ModuleName>System.Xml</ModuleName>
      <Classes />
    </Module>
    <Module skippedDueTo="Filter" hash="C2-9B-AC-EC-2D-C8-27-AD-86-2A-F0-8B-20-E0-A0-2C-3A-71-1B-FB">
      <ModulePath>C:\Windows\Microsoft.Net\assembly\GAC_64\System.Web\v4.0_4.0.0.0__b03f5f7f11d50a3a\System.Web.dll</ModulePath>
      <ModuleTime>2017-09-29T13:43:05.1778265Z</ModuleTime>
      <ModuleName>System.Web</ModuleName>
      <Classes />
    </Module>
    <Module skippedDueTo="Filter" hash="95-C2-7F-29-1B-5E-88-C5-62-B1-37-09-E1-F0-97-D4-51-18-8D-2E">
      <ModulePath>C:\Windows\Microsoft.Net\assembly\GAC_MSIL\System.Runtime.Remoting\v4.0_4.0.0.0__b77a5c561934e089\System.Runtime.Remoting.dll</ModulePath>
      <ModuleTime>2017-09-29T13:43:06.6935754Z</ModuleTime>
      <ModuleName>System.Runtime.Remoting</ModuleName>
      <Classes />
    </Module>
    <Module skippedDueTo="Filter" hash="62-13-DF-BA-4D-76-38-3A-FE-E9-5E-D8-6C-07-CC-1D-A2-DE-73-52">
      <ModulePath>C:\Windows\Microsoft.Net\assembly\GAC_MSIL\System.Configuration\v4.0_4.0.0.0__b03f5f7f11d50a3a\System.Configuration.dll</ModulePath>
      <ModuleTime>2017-09-29T13:43:06.6154445Z</ModuleTime>
      <ModuleName>System.Configuration</ModuleName>
      <Classes />
    </Module>
    <Module skippedDueTo="Filter" hash="8A-2E-8F-D6-9D-39-02-4A-2F-30-FC-06-42-F7-0F-A8-32-69-07-72">
      <ModulePath>C:\GitHub\DesignByContract\tools\NUnit.ConsoleRunner.3.8.0\tools\Mono.Cecil.dll</ModulePath>
      <ModuleTime>2018-01-27T13:27:14Z</ModuleTime>
      <ModuleName>Mono.Cecil</ModuleName>
      <Classes />
    </Module>
    <Module skippedDueTo="Filter" hash="23-B3-8E-36-35-0B-BD-20-43-E0-A1-0E-D9-F4-93-5D-15-17-91-15">
      <ModulePath>C:\GitHub\DesignByContract\tools\NUnit.ConsoleRunner.3.8.0\tools\nunit-agent.exe</ModulePath>
      <ModuleTime>2018-01-27T13:27:14Z</ModuleTime>
      <ModuleName>nunit-agent</ModuleName>
      <Classes />
    </Module>
    <Module skippedDueTo="Filter" hash="AF-00-89-8E-23-29-6C-3D-DA-76-42-D2-8F-D5-0D-78-C7-55-E7-F5">
      <ModulePath>C:\GitHub\DesignByContract\tests\DesignByContract.Domain.Core.Tests\bin\Debug\nunit.framework.dll</ModulePath>
      <ModuleTime>2018-03-13T01:58:16Z</ModuleTime>
      <ModuleName>nunit.framework</ModuleName>
      <Classes />
    </Module>
    <Module skippedDueTo="Filter" hash="4A-F4-16-E3-B7-42-DD-D3-EE-AC-F2-25-BE-F3-D2-88-B2-F6-A0-2F">
      <ModulePath>C:\Windows\Microsoft.Net\assembly\GAC_MSIL\System.Core\v4.0_4.0.0.0__b77a5c561934e089\System.Core.dll</ModulePath>
      <ModuleTime>2017-10-20T05:08:33.5184446Z</ModuleTime>
      <ModuleName>System.Core</ModuleName>
      <Classes />
    </Module>
    <Module skippedDueTo="Filter" hash="9D-2D-22-71-99-76-52-4B-8F-EA-D3-F6-AE-88-FD-9A-90-5D-EB-CE">
      <ModulePath>C:\GitHub\DesignByContract\tests\DesignByContract.Domain.Core.Tests\bin\Debug\DesignByContract.Domain.Core.Tests.dll</ModulePath>
      <ModuleTime>2018-03-23T00:50:29.4055974Z</ModuleTime>
      <ModuleName>DesignByContract.Domain.Core.Tests</ModuleName>
      <Classes />
      <TrackedMethods>
        <TrackedMethod uid="1" token="100663297" name="System.Void DesignByContract.Domain.Core.Tests.ValueObjects.ValueObjectTests::ValueObjectNewWhenParseFieldName()" strategy="NUnitTest" />
        <TrackedMethod uid="2" token="100663298" name="System.Void DesignByContract.Domain.Core.Tests.ValueObjects.ValueObjectTests::ValueObjectNewWhenParseNullFieldName()" strategy="NUnitTest" />
        <TrackedMethod uid="3" token="100663299" name="System.Void DesignByContract.Domain.Core.Tests.ValueObjects.ValueObjectTests::ValueObjectNewWhenParseEmptyFieldName()" strategy="NUnitTest" />
        <TrackedMethod uid="4" token="100663300" name="System.Void DesignByContract.Domain.Core.Tests.ValueObjects.ValueObjectTests::ValueObjectNewWhenParseName()" strategy="NUnitTest" />
        <TrackedMethod uid="5" token="100663301" name="System.Void DesignByContract.Domain.Core.Tests.ValueObjects.ValueObjectTests::ValueObjectNewWhenParseNullName()" strategy="NUnitTest" />
        <TrackedMethod uid="6" token="100663302" name="System.Void DesignByContract.Domain.Core.Tests.ValueObjects.ValueObjectTests::ValueObjectNewWhenParseEmptyName()" strategy="NUnitTest" />
        <TrackedMethod uid="7" token="100663303" name="System.Void DesignByContract.Domain.Core.Tests.ValueObjects.ValueObjectTests::ValueObjectNewWhenParseNameNoErrors()" strategy="NUnitTest" />
        <TrackedMethod uid="8" token="100663304" name="System.Void DesignByContract.Domain.Core.Tests.ValueObjects.ValueObjectTests::ValueObjectNewWhenParseNullNameHasErrors()" strategy="NUnitTest" />
        <TrackedMethod uid="9" token="100663305" name="System.Void DesignByContract.Domain.Core.Tests.ValueObjects.ValueObjectTests::ValueObjectNewWhenParseEmptyNameHasErrors()" strategy="NUnitTest" />
        <TrackedMethod uid="10" token="100663306" name="System.Void DesignByContract.Domain.Core.Tests.ValueObjects.ValueObjectTests::ValueObjectNewWhenParseNameIsValidTrue()" strategy="NUnitTest" />
        <TrackedMethod uid="11" token="100663307" name="System.Void DesignByContract.Domain.Core.Tests.ValueObjects.ValueObjectTests::ValueObjectNewWhenParseNullNameIsValidFalse()" strategy="NUnitTest" />
        <TrackedMethod uid="12" token="100663308" name="System.Void DesignByContract.Domain.Core.Tests.ValueObjects.ValueObjectTests::ValueObjectNewWhenParseEmptyNameIsValidFalse()" strategy="NUnitTest" />
        <TrackedMethod uid="13" token="100663309" name="System.Void DesignByContract.Domain.Core.Tests.ValueObjects.ValueObjectTests::ValueObjectNewWhenParseNameInsufficientCharactersIsValidFalse()" strategy="NUnitTest" />
        <TrackedMethod uid="14" token="100663310" name="System.Void DesignByContract.Domain.Core.Tests.ValueObjects.ValueObjectTests::ValueObjectNewWhenParseNameInsufficientCharactersHasErrors()" strategy="NUnitTest" />
        <TrackedMethod uid="15" token="100663311" name="System.Void DesignByContract.Domain.Core.Tests.ValueObjects.ValueObjectTests::ValueObjectNewWhenParseNameMaximumExceededIsValidFalse()" strategy="NUnitTest" />
        <TrackedMethod uid="16" token="100663312" name="System.Void DesignByContract.Domain.Core.Tests.ValueObjects.ValueObjectTests::ValueObjectNewWhenParseNameMaximumExceededHasErrors()" strategy="NUnitTest" />
        <TrackedMethod uid="17" token="100663313" name="System.Void DesignByContract.Domain.Core.Tests.ValueObjects.ValueObjectTests::ValueObjectVerifyNameMinLengthValue()" strategy="NUnitTest" />
        <TrackedMethod uid="18" token="100663314" name="System.Void DesignByContract.Domain.Core.Tests.ValueObjects.ValueObjectTests::ValueObjectVerifyNameMaxLengthValue()" strategy="NUnitTest" />
        <TrackedMethod uid="19" token="100663315" name="System.Void DesignByContract.Domain.Core.Tests.ValueObjects.ValueObjectTests::ValueObjectVerifyNameIsRequired()" strategy="NUnitTest" />
        <TrackedMethod uid="20" token="100663316" name="System.Void DesignByContract.Domain.Core.Tests.ValueObjects.ValueObjectTests::ValueObjectNewWhenParseNameMaximumExceededVerifyMessage()" strategy="NUnitTest" />
        <TrackedMethod uid="21" token="100663317" name="System.Void DesignByContract.Domain.Core.Tests.ValueObjects.ValueObjectTests::ValueObjectNewWhenParseNameMaximumExceededVerifyLevel()" strategy="NUnitTest" />
        <TrackedMethod uid="22" token="100663318" name="System.Void DesignByContract.Domain.Core.Tests.ValueObjects.ValueObjectTests::ValueObjectNewWhenParseNameMaximumExceededVerifyFieldName()" strategy="NUnitTest" />
        <TrackedMethod uid="23" token="100663319" name="System.Void DesignByContract.Domain.Core.Tests.ValueObjects.ValueObjectTests::ValueObjectNewWhenParseNameInsufficientCharactersVerifyMessage()" strategy="NUnitTest" />
        <TrackedMethod uid="24" token="100663320" name="System.Void DesignByContract.Domain.Core.Tests.ValueObjects.ValueObjectTests::ValueObjectNewWhenParseNameInsufficientCharactersVerifyLevel()" strategy="NUnitTest" />
        <TrackedMethod uid="25" token="100663321" name="System.Void DesignByContract.Domain.Core.Tests.ValueObjects.ValueObjectTests::ValueObjectNewWhenParseNameInsufficientCharactersVerifyFieldName()" strategy="NUnitTest" />
        <TrackedMethod uid="26" token="100663322" name="System.Void DesignByContract.Domain.Core.Tests.ValueObjects.ValueObjectTests::ValueObjectWhenSetFieldName()" strategy="NUnitTest" />
        <TrackedMethod uid="27" token="100663324" name="System.Void DesignByContract.Domain.Core.Tests.Specifications.OrTests::OrWhenFilterWithTwoSpecificationsReturnTrue()" strategy="NUnitTest" />
        <TrackedMethod uid="28" token="100663325" name="System.Void DesignByContract.Domain.Core.Tests.Specifications.OrTests::OrWhenFilterWithTwoSpecificationsReturnFalse()" strategy="NUnitTest" />
        <TrackedMethod uid="29" token="100663326" name="System.Void DesignByContract.Domain.Core.Tests.Specifications.OrTests::OrWhenFilterWithManySpecificationsReturnTrue()" strategy="NUnitTest" />
        <TrackedMethod uid="30" token="100663327" name="System.Void DesignByContract.Domain.Core.Tests.Specifications.OrTests::OrWhenFilterWithManySpecificationsReturnFalse()" strategy="NUnitTest" />
        <TrackedMethod uid="31" token="100663329" name="System.Void DesignByContract.Domain.Core.Tests.Specifications.OrNotTests::OrNotWhenFilterWithTwoSpecificationsReturnTrue()" strategy="NUnitTest" />
        <TrackedMethod uid="32" token="100663330" name="System.Void DesignByContract.Domain.Core.Tests.Specifications.OrNotTests::OrNotWhenFilterWithTwoSpecificationsReturnFalse()" strategy="NUnitTest" />
        <TrackedMethod uid="33" token="100663331" name="System.Void DesignByContract.Domain.Core.Tests.Specifications.OrNotTests::OrNotWhenFilterWithManySpecificationsReturnTrue()" strategy="NUnitTest" />
        <TrackedMethod uid="34" token="100663332" name="System.Void DesignByContract.Domain.Core.Tests.Specifications.OrNotTests::OrNotWhenFilterWithManySpecificationsReturnFalse()" strategy="NUnitTest" />
        <TrackedMethod uid="35" token="100663334" name="System.Void DesignByContract.Domain.Core.Tests.Specifications.AndNotTests::AndNotWhenFilterWithTwoSpecificationsReturnTrue()" strategy="NUnitTest" />
        <TrackedMethod uid="36" token="100663336" name="System.Void DesignByContract.Domain.Core.Tests.Specifications.AndNotTests::AndNotWhenFilterWithManySpecificationsReturnTrue()" strategy="NUnitTest" />
        <TrackedMethod uid="37" token="100663337" name="System.Void DesignByContract.Domain.Core.Tests.Specifications.AndNotTests::AndNotWhenFilterWithManySpecificationsReturnFalse()" strategy="NUnitTest" />
        <TrackedMethod uid="38" token="100663339" name="System.Void DesignByContract.Domain.Core.Tests.Specifications.NotTests::NotWhenFilterWithTwoSpecificationsReturnTrue()" strategy="NUnitTest" />
        <TrackedMethod uid="39" token="100663340" name="System.Void DesignByContract.Domain.Core.Tests.Specifications.NotTests::NotWhenFilterWithTwoSpecificationsReturnFalse()" strategy="NUnitTest" />
        <TrackedMethod uid="40" token="100663341" name="System.Void DesignByContract.Domain.Core.Tests.Specifications.NotTests::NotWhenFilterWithManySpecificationsReturnTrue()" strategy="NUnitTest" />
        <TrackedMethod uid="41" token="100663342" name="System.Void DesignByContract.Domain.Core.Tests.Specifications.NotTests::NotWhenFilterWithManySpecificationsReturnFalse()" strategy="NUnitTest" />
        <TrackedMethod uid="42" token="100663344" name="System.Void DesignByContract.Domain.Core.Tests.Specifications.ExpressionTests::ExpressionWhenFilterWithTwoSpecificationsReturnTrue()" strategy="NUnitTest" />
        <TrackedMethod uid="43" token="100663345" name="System.Void DesignByContract.Domain.Core.Tests.Specifications.ExpressionTests::ExpressionWhenFilterWithTwoSpecificationsReturnFalse()" strategy="NUnitTest" />
        <TrackedMethod uid="44" token="100663346" name="System.Void DesignByContract.Domain.Core.Tests.Specifications.ExpressionTests::ExpressionWhenFilterWithManySpecificationsReturnTrue()" strategy="NUnitTest" />
        <TrackedMethod uid="45" token="100663347" name="System.Void DesignByContract.Domain.Core.Tests.Specifications.ExpressionTests::ExpressionWhenFilterWithManySpecificationsReturnFalse()" strategy="NUnitTest" />
        <TrackedMethod uid="46" token="100663349" name="System.Void DesignByContract.Domain.Core.Tests.Specifications.AndTests::AndWhenFilterWithTwoSpecificationsReturnTrue()" strategy="NUnitTest" />
        <TrackedMethod uid="47" token="100663350" name="System.Void DesignByContract.Domain.Core.Tests.Specifications.AndTests::AndWhenFilterWithTwoSpecificationsReturnFalse()" strategy="NUnitTest" />
        <TrackedMethod uid="48" token="100663351" name="System.Void DesignByContract.Domain.Core.Tests.Specifications.AndTests::AndWhenFilterWithManySpecificationsReturnTrue()" strategy="NUnitTest" />
        <TrackedMethod uid="49" token="100663352" name="System.Void DesignByContract.Domain.Core.Tests.Specifications.AndTests::AndWhenFilterWithManySpecificationsReturnFalse()" strategy="NUnitTest" />
        <TrackedMethod uid="50" token="100663354" name="System.Void DesignByContract.Domain.Core.Tests.Specifications.SpecificationTests::SpecificationNewIsSatisfiedByReturnTrue()" strategy="NUnitTest" />
        <TrackedMethod uid="51" token="100663355" name="System.Void DesignByContract.Domain.Core.Tests.Specifications.SpecificationTests::SpecificationNewIsSatisfiedByReturnFalse()" strategy="NUnitTest" />
        <TrackedMethod uid="52" token="100663357" name="System.Void DesignByContract.Domain.Core.Tests.Notifications.ItemDetailTests::ItemDetailNewMessage()" strategy="NUnitTest" />
        <TrackedMethod uid="53" token="100663358" name="System.Void DesignByContract.Domain.Core.Tests.Notifications.ItemDetailTests::ItemDetailNewEmptyMessage()" strategy="NUnitTest" />
        <TrackedMethod uid="54" token="100663359" name="System.Void DesignByContract.Domain.Core.Tests.Notifications.ItemDetailTests::ItemDetailNewNullMessage()" strategy="NUnitTest" />
        <TrackedMethod uid="55" token="100663360" name="System.Void DesignByContract.Domain.Core.Tests.Notifications.ItemDetailTests::ItemDetailNewMessageWithArgs()" strategy="NUnitTest" />
        <TrackedMethod uid="56" token="100663361" name="System.Void DesignByContract.Domain.Core.Tests.Notifications.ItemDetailTests::ItemDetailNewEmptyMessageWithArgs()" strategy="NUnitTest" />
        <TrackedMethod uid="57" token="100663362" name="System.Void DesignByContract.Domain.Core.Tests.Notifications.ItemDetailTests::ItemDetailNewNullMessageWithArgs()" strategy="NUnitTest" />
        <TrackedMethod uid="58" token="100663363" name="System.Void DesignByContract.Domain.Core.Tests.Notifications.ItemDetailTests::ItemDetailNewMessageToString()" strategy="NUnitTest" />
        <TrackedMethod uid="59" token="100663364" name="System.Void DesignByContract.Domain.Core.Tests.Notifications.ItemDetailTests::ItemDetailNewMessageToStringWithArgs()" strategy="NUnitTest" />
        <TrackedMethod uid="60" token="100663366" name="System.Void DesignByContract.Domain.Core.Tests.Notifications.NotificationTests::NotificationNewHasList()" strategy="NUnitTest" />
        <TrackedMethod uid="61" token="100663367" name="System.Void DesignByContract.Domain.Core.Tests.Notifications.NotificationTests::NotificationNewAnyReturnTrue()" strategy="NUnitTest" />
        <TrackedMethod uid="62" token="100663368" name="System.Void DesignByContract.Domain.Core.Tests.Notifications.NotificationTests::NotificationNewAnyReturnFalse()" strategy="NUnitTest" />
        <TrackedMethod uid="63" token="100663369" name="System.Void DesignByContract.Domain.Core.Tests.Notifications.NotificationTests::NotificationNewListIncludeReturnTrue()" strategy="NUnitTest" />
        <TrackedMethod uid="64" token="100663370" name="System.Void DesignByContract.Domain.Core.Tests.Notifications.NotificationTests::NotificationNewListIncludeReturnFalse()" strategy="NUnitTest" />
        <TrackedMethod uid="65" token="100663371" name="System.Void DesignByContract.Domain.Core.Tests.Notifications.NotificationTests::NotificationNewListAddReturnTrue()" strategy="NUnitTest" />
        <TrackedMethod uid="66" token="100663372" name="System.Void DesignByContract.Domain.Core.Tests.Notifications.NotificationTests::NotificationNewListAddReturnFalse()" strategy="NUnitTest" />
        <TrackedMethod uid="67" token="100663373" name="System.Void DesignByContract.Domain.Core.Tests.Notifications.NotificationTests::NotificationNewListAddWithArgsReturnTrue()" strategy="NUnitTest" />
        <TrackedMethod uid="68" token="100663374" name="System.Void DesignByContract.Domain.Core.Tests.Notifications.NotificationTests::NotificationNewListAddWithArgsReturnFalse()" strategy="NUnitTest" />
        <TrackedMethod uid="69" token="100663375" name="System.Void DesignByContract.Domain.Core.Tests.Notifications.NotificationTests::NotificationNewConcatSuccess()" strategy="NUnitTest" />
        <TrackedMethod uid="70" token="100663377" name="System.Void DesignByContract.Domain.Core.Tests.Errors.ErrorlistTests::ErrorlistNewInvalidErrorListNotNull()" strategy="NUnitTest" />
        <TrackedMethod uid="71" token="100663378" name="System.Void DesignByContract.Domain.Core.Tests.Errors.ErrorlistTests::ErrorlistNewInvalidErrorListAnyReturnTrue()" strategy="NUnitTest" />
        <TrackedMethod uid="72" token="100663379" name="System.Void DesignByContract.Domain.Core.Tests.Errors.ErrorlistTests::ErrorlistNewValidErrorListAnyReturnFalse()" strategy="NUnitTest" />
        <TrackedMethod uid="73" token="100663380" name="System.Void DesignByContract.Domain.Core.Tests.Errors.ErrorlistTests::ErrorlistNewInvalidErrorListIncludeReturnTrue()" strategy="NUnitTest" />
        <TrackedMethod uid="74" token="100663381" name="System.Void DesignByContract.Domain.Core.Tests.Errors.ErrorlistTests::ErrorlistNewInvalidErrorListIncludeReturnFalse()" strategy="NUnitTest" />
        <TrackedMethod uid="75" token="100663382" name="System.Void DesignByContract.Domain.Core.Tests.Errors.ErrorlistTests::ErrorlistNewInvalidErrorListAddReturnTrue()" strategy="NUnitTest" />
        <TrackedMethod uid="76" token="100663383" name="System.Void DesignByContract.Domain.Core.Tests.Errors.ErrorlistTests::ErrorlistNewInvalidErrorListAddReturnFalse()" strategy="NUnitTest" />
        <TrackedMethod uid="77" token="100663384" name="System.Void DesignByContract.Domain.Core.Tests.Errors.ErrorlistTests::ErrorlistNewInvalidErrorListAddWithArgsReturnTrue()" strategy="NUnitTest" />
        <TrackedMethod uid="78" token="100663385" name="System.Void DesignByContract.Domain.Core.Tests.Errors.ErrorlistTests::ErrorlistNewInvalidErrorListAddWithArgsReturnFalse()" strategy="NUnitTest" />
        <TrackedMethod uid="79" token="100663386" name="System.Void DesignByContract.Domain.Core.Tests.Errors.ErrorlistTests::ErrorlistNewInvalidErrorConcatSuccess()" strategy="NUnitTest" />
        <TrackedMethod uid="80" token="100663388" name="System.Void DesignByContract.Domain.Core.Tests.Entities.EntityTests::EntityNewWhenParseValidEntityHasCriticalsFalse()" strategy="NUnitTest" />
        <TrackedMethod uid="81" token="100663389" name="System.Void DesignByContract.Domain.Core.Tests.Entities.EntityTests::EntityNewWhenParseValidEntityHasWarningsFalse()" strategy="NUnitTest" />
        <TrackedMethod uid="82" token="100663390" name="System.Void DesignByContract.Domain.Core.Tests.Entities.EntityTests::EntityNewWhenParseValidEntityHasInformationsFalse()" strategy="NUnitTest" />
        <TrackedMethod uid="83" token="100663391" name="System.Void DesignByContract.Domain.Core.Tests.Entities.EntityTests::EntityNewWhenParseValidEntityErrorsAnyFalse()" strategy="NUnitTest" />
        <TrackedMethod uid="84" token="100663392" name="System.Void DesignByContract.Domain.Core.Tests.Entities.EntityTests::EntityNewWhenParseEmptyId()" strategy="NUnitTest" />
        <TrackedMethod uid="85" token="100663393" name="System.Void DesignByContract.Domain.Core.Tests.Entities.EntityTests::EntityNewWhenParseValidId()" strategy="NUnitTest" />
        <TrackedMethod uid="86" token="100663394" name="System.Void DesignByContract.Domain.Core.Tests.Entities.EntityTests::EntityNewWhenParseValueObjectNull()" strategy="NUnitTest" />
        <TrackedMethod uid="87" token="100663395" name="System.Void DesignByContract.Domain.Core.Tests.Entities.EntityTests::EntityNewWhenParseValueObjectFieldName()" strategy="NUnitTest" />
        <TrackedMethod uid="88" token="100663396" name="System.Void DesignByContract.Domain.Core.Tests.Entities.EntityTests::EntityNewWhenParseNullFieldName()" strategy="NUnitTest" />
        <TrackedMethod uid="89" token="100663397" name="System.Void DesignByContract.Domain.Core.Tests.Entities.EntityTests::EntityNewWhenParseValueObjectNullFieldName()" strategy="NUnitTest" />
        <TrackedMethod uid="90" token="100663398" name="System.Void DesignByContract.Domain.Core.Tests.Entities.EntityTests::EntityNewWhenParseEmptyFieldName()" strategy="NUnitTest" />
        <TrackedMethod uid="91" token="100663399" name="System.Void DesignByContract.Domain.Core.Tests.Entities.EntityTests::EntityNewWhenParseValueObjectEmptyFieldName()" strategy="NUnitTest" />
        <TrackedMethod uid="92" token="100663400" name="System.Void DesignByContract.Domain.Core.Tests.Entities.EntityTests::EntityNewWhenParseValueObjectName()" strategy="NUnitTest" />
        <TrackedMethod uid="93" token="100663401" name="System.Void DesignByContract.Domain.Core.Tests.Entities.EntityTests::EntityNewWhenParseValueObjectNullName()" strategy="NUnitTest" />
        <TrackedMethod uid="94" token="100663402" name="System.Void DesignByContract.Domain.Core.Tests.Entities.EntityTests::EntityNewWhenParseValueObjectEmptyName()" strategy="NUnitTest" />
        <TrackedMethod uid="95" token="100663403" name="System.Void DesignByContract.Domain.Core.Tests.Entities.EntityTests::EntityNewWhenParseValueObjectNameNoErrors()" strategy="NUnitTest" />
        <TrackedMethod uid="96" token="100663404" name="System.Void DesignByContract.Domain.Core.Tests.Entities.EntityTests::EntityNewWhenParseValueObjectNullNameHasErrors()" strategy="NUnitTest" />
        <TrackedMethod uid="97" token="100663405" name="System.Void DesignByContract.Domain.Core.Tests.Entities.EntityTests::EntityNewWhenParseValueObjectEmptyNameHasErrors()" strategy="NUnitTest" />
        <TrackedMethod uid="98" token="100663406" name="System.Void DesignByContract.Domain.Core.Tests.Entities.EntityTests::EntityNewWhenParseValueObjectNameIsValidTrue()" strategy="NUnitTest" />
        <TrackedMethod uid="99" token="100663407" name="System.Void DesignByContract.Domain.Core.Tests.Entities.EntityTests::EntityNewWhenParseValueObjectEmptyNameIsValidFalse()" strategy="NUnitTest" />
        <TrackedMethod uid="100" token="100663408" name="System.Void DesignByContract.Domain.Core.Tests.Entities.EntityTests::EntityNewWhenParseValueObjectNullNameIsValidFalse()" strategy="NUnitTest" />
        <TrackedMethod uid="101" token="100663409" name="System.Void DesignByContract.Domain.Core.Tests.Entities.EntityTests::EntityNewWhenParseValueObjectNameInsufficientCharactersIsValidFalse()" strategy="NUnitTest" />
        <TrackedMethod uid="102" token="100663410" name="System.Void DesignByContract.Domain.Core.Tests.Entities.EntityTests::EntityNewWhenParseValueObjectNameInsufficientCharactersHasErrors()" strategy="NUnitTest" />
        <TrackedMethod uid="103" token="100663411" name="System.Void DesignByContract.Domain.Core.Tests.Entities.EntityTests::EntityNewWhenParseValueObjectNameMaximumExceededIsValidFalse()" strategy="NUnitTest" />
        <TrackedMethod uid="104" token="100663412" name="System.Void DesignByContract.Domain.Core.Tests.Entities.EntityTests::EntityNewWhenParseValueObjectNameMaximumExceededHasErrors()" strategy="NUnitTest" />
        <TrackedMethod uid="105" token="100663413" name="System.Void DesignByContract.Domain.Core.Tests.Entities.EntityTests::EntityVerifyValueObjectIsRequired()" strategy="NUnitTest" />
        <TrackedMethod uid="106" token="100663414" name="System.Void DesignByContract.Domain.Core.Tests.Entities.EntityTests::EntityNewWhenParseValueObjectNameMaximumExceededVerifyMessage()" strategy="NUnitTest" />
        <TrackedMethod uid="107" token="100663415" name="System.Void DesignByContract.Domain.Core.Tests.Entities.EntityTests::EntityNewWhenParseValueObjectNameMaximumExceededVerifyLevel()" strategy="NUnitTest" />
        <TrackedMethod uid="108" token="100663416" name="System.Void DesignByContract.Domain.Core.Tests.Entities.EntityTests::EntityNewWhenParseValueObjectNameMaximumExceededVerifyFieldName()" strategy="NUnitTest" />
        <TrackedMethod uid="109" token="100663417" name="System.Void DesignByContract.Domain.Core.Tests.Entities.EntityTests::EntityNewWhenParseValueObjectNameInsufficientCharactersVerifyMessage()" strategy="NUnitTest" />
        <TrackedMethod uid="110" token="100663418" name="System.Void DesignByContract.Domain.Core.Tests.Entities.EntityTests::EntityNewWhenParseValueObjectNameInsufficientCharactersVerifyLevel()" strategy="NUnitTest" />
        <TrackedMethod uid="111" token="100663419" name="System.Void DesignByContract.Domain.Core.Tests.Entities.EntityTests::EntityNewWhenParseValueObjectNameInsufficientCharactersVerifyFieldName()" strategy="NUnitTest" />
        <TrackedMethod uid="112" token="100663420" name="System.Void DesignByContract.Domain.Core.Tests.Entities.EntityTests::EntityNewWhenValueObjectSetFieldName()" strategy="NUnitTest" />
        <TrackedMethod uid="113" token="100663421" name="System.Void DesignByContract.Domain.Core.Tests.Entities.EntityTests::EntityNewWhenParseFieldName()" strategy="NUnitTest" />
        <TrackedMethod uid="114" token="100663495" name="System.Void DesignByContract.Domain.Core.Tests.Interfaces.Errors.LevelAbstractFakeForInterfacesTests::LevelParseString()" strategy="NUnitTest" />
        <TrackedMethod uid="115" token="100663496" name="System.Void DesignByContract.Domain.Core.Tests.Interfaces.Errors.LevelAbstractFakeForInterfacesTests::LevelToString()" strategy="NUnitTest" />
        <TrackedMethod uid="116" token="100663505" name="System.Void DesignByContract.Domain.Core.Tests.Interfaces.Entities.EntityAbstractFakeForInterfacesTests::EntityParseEmptyIdReturnValidGuid()" strategy="NUnitTest" />
        <TrackedMethod uid="117" token="100663506" name="System.Void DesignByContract.Domain.Core.Tests.Interfaces.Entities.EntityAbstractFakeForInterfacesTests::EntityParseValidIdReturnValidGuid()" strategy="NUnitTest" />
        <TrackedMethod uid="118" token="100663507" name="System.Void DesignByContract.Domain.Core.Tests.Interfaces.Entities.EntityAbstractFakeForInterfacesTests::EntityErrorListAddReturnAnyTrue()" strategy="NUnitTest" />
        <TrackedMethod uid="119" token="100663508" name="System.Void DesignByContract.Domain.Core.Tests.Interfaces.Entities.EntityAbstractFakeForInterfacesTests::EntityValidSpecificationReturnSpecificarion()" strategy="NUnitTest" />
        <TrackedMethod uid="120" token="100663509" name="System.Void DesignByContract.Domain.Core.Tests.Interfaces.Entities.EntityAbstractFakeForInterfacesTests::EntityFieldNameReturnClassName()" strategy="NUnitTest" />
        <TrackedMethod uid="121" token="100663512" name="System.Void DesignByContract.Domain.Core.Tests.Interfaces.ValueObjects.ValueObjectAbstractFakeForInterfacesTests::ValueObjectErrorListAddReturnAnyTrue()" strategy="NUnitTest" />
        <TrackedMethod uid="122" token="100663513" name="System.Void DesignByContract.Domain.Core.Tests.Interfaces.ValueObjects.ValueObjectAbstractFakeForInterfacesTests::ValueObjectValidSpecificationReturnSpecificarion()" strategy="NUnitTest" />
        <TrackedMethod uid="123" token="100663514" name="System.Void DesignByContract.Domain.Core.Tests.Interfaces.ValueObjects.ValueObjectAbstractFakeForInterfacesTests::ValueObjectFieldNameReturnClassName()" strategy="NUnitTest" />
        <TrackedMethod uid="124" token="100663519" name="System.Void DesignByContract.Domain.Core.Tests.Interfaces.Specifications.SpecificationAbstractFakeForInterfacesTests::SpecificationParseObjectReturnIsSatisfiedByTrue()" strategy="NUnitTest" />
        <TrackedMethod uid="125" token="100663520" name="System.Void DesignByContract.Domain.Core.Tests.Interfaces.Specifications.SpecificationAbstractFakeForInterfacesTests::SpecificationAndReturnIsSatisfiedByTrue()" strategy="NUnitTest" />
        <TrackedMethod uid="126" token="100663521" name="System.Void DesignByContract.Domain.Core.Tests.Interfaces.Specifications.SpecificationAbstractFakeForInterfacesTests::SpecificationAndNotReturnIsSatisfiedByTrue()" strategy="NUnitTest" />
        <TrackedMethod uid="127" token="100663522" name="System.Void DesignByContract.Domain.Core.Tests.Interfaces.Specifications.SpecificationAbstractFakeForInterfacesTests::SpecificationOrReturnIsSatisfiedByTrue()" strategy="NUnitTest" />
        <TrackedMethod uid="128" token="100663523" name="System.Void DesignByContract.Domain.Core.Tests.Interfaces.Specifications.SpecificationAbstractFakeForInterfacesTests::SpecificationOrNotReturnIsSatisfiedByTrue()" strategy="NUnitTest" />
        <TrackedMethod uid="129" token="100663524" name="System.Void DesignByContract.Domain.Core.Tests.Interfaces.Specifications.SpecificationAbstractFakeForInterfacesTests::SpecificationNotReturnIsSatisfiedByTrue()" strategy="NUnitTest" />
        <TrackedMethod uid="130" token="100663529" name="System.Void DesignByContract.Domain.Core.Tests.Interfaces.Notifications.NotificationAbstractFakeForInterfacesTests::NotificationListAddItemDetailReturnIncludesTrue()" strategy="NUnitTest" />
        <TrackedMethod uid="131" token="100663530" name="System.Void DesignByContract.Domain.Core.Tests.Interfaces.Notifications.NotificationAbstractFakeForInterfacesTests::NotificationListReturnAnyTrue()" strategy="NUnitTest" />
        <TrackedMethod uid="132" token="100663531" name="System.Void DesignByContract.Domain.Core.Tests.Interfaces.Notifications.NotificationAbstractFakeForInterfacesTests::NotificationListAddItemDetailReturnIncludesFalse()" strategy="NUnitTest" />
        <TrackedMethod uid="133" token="100663532" name="System.Void DesignByContract.Domain.Core.Tests.Interfaces.Notifications.NotificationAbstractFakeForInterfacesTests::NotificationAddItemDetailReturnIncludesTrue()" strategy="NUnitTest" />
        <TrackedMethod uid="134" token="100663533" name="System.Void DesignByContract.Domain.Core.Tests.Interfaces.Notifications.NotificationAbstractFakeForInterfacesTests::NotificationAddItemDetailReturnIncludesFalse()" strategy="NUnitTest" />
        <TrackedMethod uid="135" token="100663534" name="System.Void DesignByContract.Domain.Core.Tests.Interfaces.Notifications.NotificationAbstractFakeForInterfacesTests::NotificationConcatItemDetailReturnCount2()" strategy="NUnitTest" />
        <TrackedMethod uid="136" token="100663537" name="System.Void DesignByContract.Domain.Core.Tests.Interfaces.Notifications.ItemDetailAbstractFakeForInterfacesTests::ItemDetailMessageReturnString()" strategy="NUnitTest" />
        <TrackedMethod uid="137" token="100663538" name="System.Void DesignByContract.Domain.Core.Tests.Interfaces.Notifications.ItemDetailAbstractFakeForInterfacesTests::ItemDetailToStringReturnString()" strategy="NUnitTest" />
        <TrackedMethod uid="138" token="100663544" name="System.Void DesignByContract.Domain.Core.Tests.Commands.CommandTests::CommandNewWhenParseValidEntity()" strategy="NUnitTest" />
      </TrackedMethods>
    </Module>
    <Module skippedDueTo="Filter" hash="D5-2D-8B-B1-22-47-0E-F8-86-50-EB-DA-1F-BD-1B-60-5B-F9-5C-37">
      <ModulePath>C:\GitHub\DesignByContract\tests\DesignByContract.Domain.Tests\bin\Debug\DesignByContract.Domain.Tests.dll</ModulePath>
      <ModuleTime>2018-03-23T00:50:31.3985966Z</ModuleTime>
      <ModuleName>DesignByContract.Domain.Tests</ModuleName>
      <Classes />
      <TrackedMethods>
        <TrackedMethod uid="139" token="100663297" name="System.Void DesignByContract.Domain.Tests.ValueObjects.EmailTests::EmailNewEmptyAddress()" strategy="NUnitTest" />
        <TrackedMethod uid="140" token="100663298" name="System.Void DesignByContract.Domain.Tests.ValueObjects.EmailTests::EmailNewNullAddress()" strategy="NUnitTest" />
        <TrackedMethod uid="141" token="100663299" name="System.Void DesignByContract.Domain.Tests.ValueObjects.EmailTests::EmailNewWhiteSpaceAddress()" strategy="NUnitTest" />
        <TrackedMethod uid="142" token="100663300" name="System.Void DesignByContract.Domain.Tests.ValueObjects.EmailTests::EmailNewValidAddres()" strategy="NUnitTest" />
        <TrackedMethod uid="143" token="100663301" name="System.Void DesignByContract.Domain.Tests.ValueObjects.EmailTests::EmailNewInvalidAddress()" strategy="NUnitTest" />
        <TrackedMethod uid="144" token="100663302" name="System.Void DesignByContract.Domain.Tests.ValueObjects.EmailTests::EmailNewErrorWhemAddressMaxLengthExceeded()" strategy="NUnitTest" />
        <TrackedMethod uid="145" token="100663303" name="System.Void DesignByContract.Domain.Tests.ValueObjects.EmailTests::EmailNewErrorWhemAddressMinLengthAllowed()" strategy="NUnitTest" />
      </TrackedMethods>
    </Module>
    <Module hash="5C-14-F3-A8-F5-0E-57-BD-C4-0F-92-DE-9E-84-8B-FE-CE-42-75-2E">
      <Summary numSequencePoints="147" visitedSequencePoints="130" numBranchPoints="69" visitedBranchPoints="53" sequenceCoverage="88.44" branchCoverage="76.81" maxCyclomaticComplexity="7" minCyclomaticComplexity="1" visitedClasses="18" numClasses="18" visitedMethods="39" numMethods="51" />
      <ModulePath>C:\GitHub\DesignByContract\tests\DesignByContract.Domain.Core.Tests\bin\Debug\DesignByContract.Domain.Core.dll</ModulePath>
      <ModuleTime>2018-03-23T00:50:21.6202808Z</ModuleTime>
      <ModuleName>DesignByContract.Domain.Core</ModuleName>
      <Files>
        <File uid="1" fullPath="C:\GitHub\DesignByContract\src\DesignByContract.Domain.Core\ValueObjects\ValueObject.cs" />
        <File uid="2" fullPath="C:\GitHub\DesignByContract\src\DesignByContract.Domain.Core\Specifications\And.cs" />
        <File uid="3" fullPath="C:\GitHub\DesignByContract\src\DesignByContract.Domain.Core\Specifications\AndNot.cs" />
        <File uid="4" fullPath="C:\GitHub\DesignByContract\src\DesignByContract.Domain.Core\Specifications\Expression.cs" />
        <File uid="5" fullPath="C:\GitHub\DesignByContract\src\DesignByContract.Domain.Core\Specifications\Not.cs" />
        <File uid="6" fullPath="C:\GitHub\DesignByContract\src\DesignByContract.Domain.Core\Specifications\OrNot.cs" />
        <File uid="7" fullPath="C:\GitHub\DesignByContract\src\DesignByContract.Domain.Core\Specifications\Or.cs" />
        <File uid="8" fullPath="C:\GitHub\DesignByContract\src\DesignByContract.Domain.Core\Specifications\Specification.cs" />
        <File uid="9" fullPath="C:\GitHub\DesignByContract\src\DesignByContract.Domain.Core\Notifications\ItemDetail.cs" />
        <File uid="10" fullPath="C:\GitHub\DesignByContract\src\DesignByContract.Domain.Core\Notifications\Notification.cs" />
        <File uid="11" fullPath="C:\GitHub\DesignByContract\src\DesignByContract.Domain.Core\Errors\ErrorList.cs" />
        <File uid="13" fullPath="C:\GitHub\DesignByContract\src\DesignByContract.Domain.Core\Errors\ErrorItemDetail.cs" />
        <File uid="14" fullPath="C:\GitHub\DesignByContract\src\DesignByContract.Domain.Core\Errors\Information.cs" />
        <File uid="15" fullPath="C:\GitHub\DesignByContract\src\DesignByContract.Domain.Core\Errors\Warning.cs" />
        <File uid="16" fullPath="C:\GitHub\DesignByContract\src\DesignByContract.Domain.Core\Errors\Critical.cs" />
        <File uid="17" fullPath="C:\GitHub\DesignByContract\src\DesignByContract.Domain.Core\Entities\Entity.cs" />
        <File uid="18" fullPath="C:\GitHub\DesignByContract\src\DesignByContract.Domain.Core\Commands\Command.cs" />
      </Files>
      <Classes>
        <Class>
          <Summary numSequencePoints="0" visitedSequencePoints="0" numBranchPoints="0" visitedBranchPoints="0" sequenceCoverage="0" branchCoverage="0" maxCyclomaticComplexity="0" minCyclomaticComplexity="0" visitedClasses="0" numClasses="0" visitedMethods="0" numMethods="0" />
          <FullName>&lt;Module&gt;</FullName>
          <Methods />
        </Class>
        <Class>
          <Summary numSequencePoints="14" visitedSequencePoints="14" numBranchPoints="5" visitedBranchPoints="5" sequenceCoverage="100" branchCoverage="100" maxCyclomaticComplexity="2" minCyclomaticComplexity="1" visitedClasses="1" numClasses="1" visitedMethods="3" numMethods="3" />
          <FullName>DesignByContract.Domain.Core.ValueObjects.ValueObject</FullName>
          <Methods>
            <Method skippedDueTo="AutoImplementedProperty" visited="false" cyclomaticComplexity="1" nPathComplexity="0" sequenceCoverage="0" branchCoverage="0" isConstructor="false" isStatic="false" isGetter="true" isSetter="false">
              <MetadataToken>100663298</MetadataToken>
              <Name>DesignByContract.Domain.Core.Errors.ErrorList DesignByContract.Domain.Core.ValueObjects.ValueObject::get_ErrorList()</Name>
              <FileRef uid="1" />
              <SequencePoints />
              <BranchPoints />
            </Method>
            <Method skippedDueTo="AutoImplementedProperty" visited="false" cyclomaticComplexity="1" nPathComplexity="0" sequenceCoverage="0" branchCoverage="0" isConstructor="false" isStatic="false" isGetter="true" isSetter="false">
              <MetadataToken>100663299</MetadataToken>
              <Name>DesignByContract.Domain.Core.Specifications.Specification`1&lt;System.Object&gt; DesignByContract.Domain.Core.ValueObjects.ValueObject::get_ValidSpecification()</Name>
              <FileRef uid="1" />
              <SequencePoints />
              <BranchPoints />
            </Method>
            <Method skippedDueTo="AutoImplementedProperty" visited="false" cyclomaticComplexity="1" nPathComplexity="0" sequenceCoverage="0" branchCoverage="0" isConstructor="false" isStatic="false" isGetter="false" isSetter="true">
              <MetadataToken>100663300</MetadataToken>
              <Name>System.Void DesignByContract.Domain.Core.ValueObjects.ValueObject::set_ValidSpecification(DesignByContract.Domain.Core.Specifications.Specification`1&lt;System.Object&gt;)</Name>
              <FileRef uid="1" />
              <SequencePoints />
              <BranchPoints />
            </Method>
            <Method skippedDueTo="AutoImplementedProperty" visited="false" cyclomaticComplexity="1" nPathComplexity="0" sequenceCoverage="0" branchCoverage="0" isConstructor="false" isStatic="false" isGetter="true" isSetter="false">
              <MetadataToken>100663301</MetadataToken>
              <Name>System.String DesignByContract.Domain.Core.ValueObjects.ValueObject::get_FieldName()</Name>
              <FileRef uid="1" />
              <SequencePoints />
              <BranchPoints />
            </Method>
            <Method skippedDueTo="AutoImplementedProperty" visited="false" cyclomaticComplexity="1" nPathComplexity="0" sequenceCoverage="0" branchCoverage="0" isConstructor="false" isStatic="false" isGetter="false" isSetter="true">
              <MetadataToken>100663302</MetadataToken>
              <Name>System.Void DesignByContract.Domain.Core.ValueObjects.ValueObject::set_FieldName(System.String)</Name>
              <FileRef uid="1" />
              <SequencePoints />
              <BranchPoints />
            </Method>
            <Method visited="true" cyclomaticComplexity="2" nPathComplexity="2" sequenceCoverage="100" branchCoverage="100" isConstructor="true" isStatic="false" isGetter="false" isSetter="false">
              <Summary numSequencePoints="8" visitedSequencePoints="8" numBranchPoints="3" visitedBranchPoints="3" sequenceCoverage="100" branchCoverage="100" maxCyclomaticComplexity="2" minCyclomaticComplexity="2" visitedClasses="0" numClasses="0" visitedMethods="1" numMethods="1" />
              <MetadataToken>100663297</MetadataToken>
              <Name>System.Void DesignByContract.Domain.Core.ValueObjects.ValueObject::.ctor(System.String)</Name>
              <FileRef uid="1" />
              <SequencePoints>
                <SequencePoint vc="77" uspid="1" ordinal="0" offset="0" sl="17" sc="47" el="17" ec="62" bec="0" bev="0" fileid="1">
                  <TrackedMethodRefs>
                    <TrackedMethodRef uid="139" vc="1" />
                    <TrackedMethodRef uid="144" vc="1" />
                    <TrackedMethodRef uid="145" vc="1" />
                    <TrackedMethodRef uid="143" vc="1" />
                    <TrackedMethodRef uid="140" vc="1" />
                    <TrackedMethodRef uid="142" vc="1" />
                    <TrackedMethodRef uid="141" vc="1" />
                    <TrackedMethodRef uid="138" vc="1" />
                    <TrackedMethodRef uid="90" vc="1" />
                    <TrackedMethodRef uid="113" vc="1" />
                    <TrackedMethodRef uid="88" vc="1" />
                    <TrackedMethodRef uid="83" vc="1" />
                    <TrackedMethodRef uid="80" vc="1" />
                    <TrackedMethodRef uid="82" vc="1" />
                    <TrackedMethodRef uid="81" vc="1" />
                    <TrackedMethodRef uid="91" vc="1" />
                    <TrackedMethodRef uid="94" vc="1" />
                    <TrackedMethodRef uid="97" vc="1" />
                    <TrackedMethodRef uid="99" vc="1" />
                    <TrackedMethodRef uid="87" vc="1" />
                    <TrackedMethodRef uid="92" vc="1" />
                    <TrackedMethodRef uid="102" vc="1" />
                    <TrackedMethodRef uid="101" vc="1" />
                    <TrackedMethodRef uid="111" vc="1" />
                    <TrackedMethodRef uid="110" vc="1" />
                    <TrackedMethodRef uid="109" vc="1" />
                    <TrackedMethodRef uid="98" vc="1" />
                    <TrackedMethodRef uid="104" vc="1" />
                    <TrackedMethodRef uid="103" vc="1" />
                    <TrackedMethodRef uid="108" vc="1" />
                    <TrackedMethodRef uid="107" vc="1" />
                    <TrackedMethodRef uid="106" vc="1" />
                    <TrackedMethodRef uid="95" vc="1" />
                    <TrackedMethodRef uid="89" vc="1" />
                    <TrackedMethodRef uid="93" vc="1" />
                    <TrackedMethodRef uid="96" vc="1" />
                    <TrackedMethodRef uid="100" vc="1" />
                    <TrackedMethodRef uid="112" vc="1" />
                    <TrackedMethodRef uid="79" vc="2" />
                    <TrackedMethodRef uid="76" vc="1" />
                    <TrackedMethodRef uid="75" vc="1" />
                    <TrackedMethodRef uid="78" vc="1" />
                    <TrackedMethodRef uid="77" vc="1" />
                    <TrackedMethodRef uid="71" vc="1" />
                    <TrackedMethodRef uid="74" vc="1" />
                    <TrackedMethodRef uid="73" vc="1" />
                    <TrackedMethodRef uid="70" vc="1" />
                    <TrackedMethodRef uid="72" vc="1" />
                    <TrackedMethodRef uid="121" vc="1" />
                    <TrackedMethodRef uid="123" vc="1" />
                    <TrackedMethodRef uid="122" vc="1" />
                    <TrackedMethodRef uid="51" vc="1" />
                    <TrackedMethodRef uid="50" vc="1" />
                    <TrackedMethodRef uid="3" vc="1" />
                    <TrackedMethodRef uid="6" vc="1" />
                    <TrackedMethodRef uid="9" vc="1" />
                    <TrackedMethodRef uid="12" vc="1" />
                    <TrackedMethodRef uid="1" vc="1" />
                    <TrackedMethodRef uid="4" vc="1" />
                    <TrackedMethodRef uid="14" vc="1" />
                    <TrackedMethodRef uid="13" vc="1" />
                    <TrackedMethodRef uid="25" vc="1" />
                    <TrackedMethodRef uid="24" vc="1" />
                    <TrackedMethodRef uid="23" vc="1" />
                    <TrackedMethodRef uid="10" vc="1" />
                    <TrackedMethodRef uid="16" vc="1" />
                    <TrackedMethodRef uid="15" vc="1" />
                    <TrackedMethodRef uid="22" vc="1" />
                    <TrackedMethodRef uid="21" vc="1" />
                    <TrackedMethodRef uid="20" vc="1" />
                    <TrackedMethodRef uid="7" vc="1" />
                    <TrackedMethodRef uid="2" vc="1" />
                    <TrackedMethodRef uid="5" vc="1" />
                    <TrackedMethodRef uid="8" vc="1" />
                    <TrackedMethodRef uid="11" vc="1" />
                    <TrackedMethodRef uid="26" vc="1" />
                  </TrackedMethodRefs>
                </SequencePoint>
                <SequencePoint vc="77" uspid="2" ordinal="1" offset="11" sl="18" sc="73" el="18" ec="77" bec="0" bev="0" fileid="1">
                  <TrackedMethodRefs>
                    <TrackedMethodRef uid="139" vc="1" />
                    <TrackedMethodRef uid="144" vc="1" />
                    <TrackedMethodRef uid="145" vc="1" />
                    <TrackedMethodRef uid="143" vc="1" />
                    <TrackedMethodRef uid="140" vc="1" />
                    <TrackedMethodRef uid="142" vc="1" />
                    <TrackedMethodRef uid="141" vc="1" />
                    <TrackedMethodRef uid="138" vc="1" />
                    <TrackedMethodRef uid="90" vc="1" />
                    <TrackedMethodRef uid="113" vc="1" />
                    <TrackedMethodRef uid="88" vc="1" />
                    <TrackedMethodRef uid="83" vc="1" />
                    <TrackedMethodRef uid="80" vc="1" />
                    <TrackedMethodRef uid="82" vc="1" />
                    <TrackedMethodRef uid="81" vc="1" />
                    <TrackedMethodRef uid="91" vc="1" />
                    <TrackedMethodRef uid="94" vc="1" />
                    <TrackedMethodRef uid="97" vc="1" />
                    <TrackedMethodRef uid="99" vc="1" />
                    <TrackedMethodRef uid="87" vc="1" />
                    <TrackedMethodRef uid="92" vc="1" />
                    <TrackedMethodRef uid="102" vc="1" />
                    <TrackedMethodRef uid="101" vc="1" />
                    <TrackedMethodRef uid="111" vc="1" />
                    <TrackedMethodRef uid="110" vc="1" />
                    <TrackedMethodRef uid="109" vc="1" />
                    <TrackedMethodRef uid="98" vc="1" />
                    <TrackedMethodRef uid="104" vc="1" />
                    <TrackedMethodRef uid="103" vc="1" />
                    <TrackedMethodRef uid="108" vc="1" />
                    <TrackedMethodRef uid="107" vc="1" />
                    <TrackedMethodRef uid="106" vc="1" />
                    <TrackedMethodRef uid="95" vc="1" />
                    <TrackedMethodRef uid="89" vc="1" />
                    <TrackedMethodRef uid="93" vc="1" />
                    <TrackedMethodRef uid="96" vc="1" />
                    <TrackedMethodRef uid="100" vc="1" />
                    <TrackedMethodRef uid="112" vc="1" />
                    <TrackedMethodRef uid="79" vc="2" />
                    <TrackedMethodRef uid="76" vc="1" />
                    <TrackedMethodRef uid="75" vc="1" />
                    <TrackedMethodRef uid="78" vc="1" />
                    <TrackedMethodRef uid="77" vc="1" />
                    <TrackedMethodRef uid="71" vc="1" />
                    <TrackedMethodRef uid="74" vc="1" />
                    <TrackedMethodRef uid="73" vc="1" />
                    <TrackedMethodRef uid="70" vc="1" />
                    <TrackedMethodRef uid="72" vc="1" />
                    <TrackedMethodRef uid="121" vc="1" />
                    <TrackedMethodRef uid="123" vc="1" />
                    <TrackedMethodRef uid="122" vc="1" />
                    <TrackedMethodRef uid="51" vc="1" />
                    <TrackedMethodRef uid="50" vc="1" />
                    <TrackedMethodRef uid="3" vc="1" />
                    <TrackedMethodRef uid="6" vc="1" />
                    <TrackedMethodRef uid="9" vc="1" />
                    <TrackedMethodRef uid="12" vc="1" />
                    <TrackedMethodRef uid="1" vc="1" />
                    <TrackedMethodRef uid="4" vc="1" />
                    <TrackedMethodRef uid="14" vc="1" />
                    <TrackedMethodRef uid="13" vc="1" />
                    <TrackedMethodRef uid="25" vc="1" />
                    <TrackedMethodRef uid="24" vc="1" />
                    <TrackedMethodRef uid="23" vc="1" />
                    <TrackedMethodRef uid="10" vc="1" />
                    <TrackedMethodRef uid="16" vc="1" />
                    <TrackedMethodRef uid="15" vc="1" />
                    <TrackedMethodRef uid="22" vc="1" />
                    <TrackedMethodRef uid="21" vc="1" />
                    <TrackedMethodRef uid="20" vc="1" />
                    <TrackedMethodRef uid="7" vc="1" />
                    <TrackedMethodRef uid="2" vc="1" />
                    <TrackedMethodRef uid="5" vc="1" />
                    <TrackedMethodRef uid="8" vc="1" />
                    <TrackedMethodRef uid="11" vc="1" />
                    <TrackedMethodRef uid="26" vc="1" />
                  </TrackedMethodRefs>
                </SequencePoint>
                <SequencePoint vc="77" uspid="3" ordinal="2" offset="18" sl="9" sc="9" el="9" ec="55" bec="0" bev="0" fileid="1">
                  <TrackedMethodRefs>
                    <TrackedMethodRef uid="139" vc="1" />
                    <TrackedMethodRef uid="144" vc="1" />
                    <TrackedMethodRef uid="145" vc="1" />
                    <TrackedMethodRef uid="143" vc="1" />
                    <TrackedMethodRef uid="140" vc="1" />
                    <TrackedMethodRef uid="142" vc="1" />
                    <TrackedMethodRef uid="141" vc="1" />
                    <TrackedMethodRef uid="138" vc="1" />
                    <TrackedMethodRef uid="90" vc="1" />
                    <TrackedMethodRef uid="113" vc="1" />
                    <TrackedMethodRef uid="88" vc="1" />
                    <TrackedMethodRef uid="83" vc="1" />
                    <TrackedMethodRef uid="80" vc="1" />
                    <TrackedMethodRef uid="82" vc="1" />
                    <TrackedMethodRef uid="81" vc="1" />
                    <TrackedMethodRef uid="91" vc="1" />
                    <TrackedMethodRef uid="94" vc="1" />
                    <TrackedMethodRef uid="97" vc="1" />
                    <TrackedMethodRef uid="99" vc="1" />
                    <TrackedMethodRef uid="87" vc="1" />
                    <TrackedMethodRef uid="92" vc="1" />
                    <TrackedMethodRef uid="102" vc="1" />
                    <TrackedMethodRef uid="101" vc="1" />
                    <TrackedMethodRef uid="111" vc="1" />
                    <TrackedMethodRef uid="110" vc="1" />
                    <TrackedMethodRef uid="109" vc="1" />
                    <TrackedMethodRef uid="98" vc="1" />
                    <TrackedMethodRef uid="104" vc="1" />
                    <TrackedMethodRef uid="103" vc="1" />
                    <TrackedMethodRef uid="108" vc="1" />
                    <TrackedMethodRef uid="107" vc="1" />
                    <TrackedMethodRef uid="106" vc="1" />
                    <TrackedMethodRef uid="95" vc="1" />
                    <TrackedMethodRef uid="89" vc="1" />
                    <TrackedMethodRef uid="93" vc="1" />
                    <TrackedMethodRef uid="96" vc="1" />
                    <TrackedMethodRef uid="100" vc="1" />
                    <TrackedMethodRef uid="112" vc="1" />
                    <TrackedMethodRef uid="79" vc="2" />
                    <TrackedMethodRef uid="76" vc="1" />
                    <TrackedMethodRef uid="75" vc="1" />
                    <TrackedMethodRef uid="78" vc="1" />
                    <TrackedMethodRef uid="77" vc="1" />
                    <TrackedMethodRef uid="71" vc="1" />
                    <TrackedMethodRef uid="74" vc="1" />
                    <TrackedMethodRef uid="73" vc="1" />
                    <TrackedMethodRef uid="70" vc="1" />
                    <TrackedMethodRef uid="72" vc="1" />
                    <TrackedMethodRef uid="121" vc="1" />
                    <TrackedMethodRef uid="123" vc="1" />
                    <TrackedMethodRef uid="122" vc="1" />
                    <TrackedMethodRef uid="51" vc="1" />
                    <TrackedMethodRef uid="50" vc="1" />
                    <TrackedMethodRef uid="3" vc="1" />
                    <TrackedMethodRef uid="6" vc="1" />
                    <TrackedMethodRef uid="9" vc="1" />
                    <TrackedMethodRef uid="12" vc="1" />
                    <TrackedMethodRef uid="1" vc="1" />
                    <TrackedMethodRef uid="4" vc="1" />
                    <TrackedMethodRef uid="14" vc="1" />
                    <TrackedMethodRef uid="13" vc="1" />
                    <TrackedMethodRef uid="25" vc="1" />
                    <TrackedMethodRef uid="24" vc="1" />
                    <TrackedMethodRef uid="23" vc="1" />
                    <TrackedMethodRef uid="10" vc="1" />
                    <TrackedMethodRef uid="16" vc="1" />
                    <TrackedMethodRef uid="15" vc="1" />
                    <TrackedMethodRef uid="22" vc="1" />
                    <TrackedMethodRef uid="21" vc="1" />
                    <TrackedMethodRef uid="20" vc="1" />
                    <TrackedMethodRef uid="7" vc="1" />
                    <TrackedMethodRef uid="2" vc="1" />
                    <TrackedMethodRef uid="5" vc="1" />
                    <TrackedMethodRef uid="8" vc="1" />
                    <TrackedMethodRef uid="11" vc="1" />
                    <TrackedMethodRef uid="26" vc="1" />
                  </TrackedMethodRefs>
                </SequencePoint>
                <SequencePoint vc="77" uspid="4" ordinal="3" offset="25" sl="10" sc="9" el="10" ec="10" bec="0" bev="0" fileid="1">
                  <TrackedMethodRefs>
                    <TrackedMethodRef uid="139" vc="1" />
                    <TrackedMethodRef uid="144" vc="1" />
                    <TrackedMethodRef uid="145" vc="1" />
                    <TrackedMethodRef uid="143" vc="1" />
                    <TrackedMethodRef uid="140" vc="1" />
                    <TrackedMethodRef uid="142" vc="1" />
                    <TrackedMethodRef uid="141" vc="1" />
                    <TrackedMethodRef uid="138" vc="1" />
                    <TrackedMethodRef uid="90" vc="1" />
                    <TrackedMethodRef uid="113" vc="1" />
                    <TrackedMethodRef uid="88" vc="1" />
                    <TrackedMethodRef uid="83" vc="1" />
                    <TrackedMethodRef uid="80" vc="1" />
                    <TrackedMethodRef uid="82" vc="1" />
                    <TrackedMethodRef uid="81" vc="1" />
                    <TrackedMethodRef uid="91" vc="1" />
                    <TrackedMethodRef uid="94" vc="1" />
                    <TrackedMethodRef uid="97" vc="1" />
                    <TrackedMethodRef uid="99" vc="1" />
                    <TrackedMethodRef uid="87" vc="1" />
                    <TrackedMethodRef uid="92" vc="1" />
                    <TrackedMethodRef uid="102" vc="1" />
                    <TrackedMethodRef uid="101" vc="1" />
                    <TrackedMethodRef uid="111" vc="1" />
                    <TrackedMethodRef uid="110" vc="1" />
                    <TrackedMethodRef uid="109" vc="1" />
                    <TrackedMethodRef uid="98" vc="1" />
                    <TrackedMethodRef uid="104" vc="1" />
                    <TrackedMethodRef uid="103" vc="1" />
                    <TrackedMethodRef uid="108" vc="1" />
                    <TrackedMethodRef uid="107" vc="1" />
                    <TrackedMethodRef uid="106" vc="1" />
                    <TrackedMethodRef uid="95" vc="1" />
                    <TrackedMethodRef uid="89" vc="1" />
                    <TrackedMethodRef uid="93" vc="1" />
                    <TrackedMethodRef uid="96" vc="1" />
                    <TrackedMethodRef uid="100" vc="1" />
                    <TrackedMethodRef uid="112" vc="1" />
                    <TrackedMethodRef uid="79" vc="2" />
                    <TrackedMethodRef uid="76" vc="1" />
                    <TrackedMethodRef uid="75" vc="1" />
                    <TrackedMethodRef uid="78" vc="1" />
                    <TrackedMethodRef uid="77" vc="1" />
                    <TrackedMethodRef uid="71" vc="1" />
                    <TrackedMethodRef uid="74" vc="1" />
                    <TrackedMethodRef uid="73" vc="1" />
                    <TrackedMethodRef uid="70" vc="1" />
                    <TrackedMethodRef uid="72" vc="1" />
                    <TrackedMethodRef uid="121" vc="1" />
                    <TrackedMethodRef uid="123" vc="1" />
                    <TrackedMethodRef uid="122" vc="1" />
                    <TrackedMethodRef uid="51" vc="1" />
                    <TrackedMethodRef uid="50" vc="1" />
                    <TrackedMethodRef uid="3" vc="1" />
                    <TrackedMethodRef uid="6" vc="1" />
                    <TrackedMethodRef uid="9" vc="1" />
                    <TrackedMethodRef uid="12" vc="1" />
                    <TrackedMethodRef uid="1" vc="1" />
                    <TrackedMethodRef uid="4" vc="1" />
                    <TrackedMethodRef uid="14" vc="1" />
                    <TrackedMethodRef uid="13" vc="1" />
                    <TrackedMethodRef uid="25" vc="1" />
                    <TrackedMethodRef uid="24" vc="1" />
                    <TrackedMethodRef uid="23" vc="1" />
                    <TrackedMethodRef uid="10" vc="1" />
                    <TrackedMethodRef uid="16" vc="1" />
                    <TrackedMethodRef uid="15" vc="1" />
                    <TrackedMethodRef uid="22" vc="1" />
                    <TrackedMethodRef uid="21" vc="1" />
                    <TrackedMethodRef uid="20" vc="1" />
                    <TrackedMethodRef uid="7" vc="1" />
                    <TrackedMethodRef uid="2" vc="1" />
                    <TrackedMethodRef uid="5" vc="1" />
                    <TrackedMethodRef uid="8" vc="1" />
                    <TrackedMethodRef uid="11" vc="1" />
                    <TrackedMethodRef uid="26" vc="1" />
                  </TrackedMethodRefs>
                </SequencePoint>
                <SequencePoint vc="77" uspid="5" ordinal="4" offset="26" sl="11" sc="13" el="11" ec="54" bec="2" bev="2" fileid="1">
                  <TrackedMethodRefs>
                    <TrackedMethodRef uid="139" vc="1" />
                    <TrackedMethodRef uid="144" vc="1" />
                    <TrackedMethodRef uid="145" vc="1" />
                    <TrackedMethodRef uid="143" vc="1" />
                    <TrackedMethodRef uid="140" vc="1" />
                    <TrackedMethodRef uid="142" vc="1" />
                    <TrackedMethodRef uid="141" vc="1" />
                    <TrackedMethodRef uid="138" vc="1" />
                    <TrackedMethodRef uid="90" vc="1" />
                    <TrackedMethodRef uid="113" vc="1" />
                    <TrackedMethodRef uid="88" vc="1" />
                    <TrackedMethodRef uid="83" vc="1" />
                    <TrackedMethodRef uid="80" vc="1" />
                    <TrackedMethodRef uid="82" vc="1" />
                    <TrackedMethodRef uid="81" vc="1" />
                    <TrackedMethodRef uid="91" vc="1" />
                    <TrackedMethodRef uid="94" vc="1" />
                    <TrackedMethodRef uid="97" vc="1" />
                    <TrackedMethodRef uid="99" vc="1" />
                    <TrackedMethodRef uid="87" vc="1" />
                    <TrackedMethodRef uid="92" vc="1" />
                    <TrackedMethodRef uid="102" vc="1" />
                    <TrackedMethodRef uid="101" vc="1" />
                    <TrackedMethodRef uid="111" vc="1" />
                    <TrackedMethodRef uid="110" vc="1" />
                    <TrackedMethodRef uid="109" vc="1" />
                    <TrackedMethodRef uid="98" vc="1" />
                    <TrackedMethodRef uid="104" vc="1" />
                    <TrackedMethodRef uid="103" vc="1" />
                    <TrackedMethodRef uid="108" vc="1" />
                    <TrackedMethodRef uid="107" vc="1" />
                    <TrackedMethodRef uid="106" vc="1" />
                    <TrackedMethodRef uid="95" vc="1" />
                    <TrackedMethodRef uid="89" vc="1" />
                    <TrackedMethodRef uid="93" vc="1" />
                    <TrackedMethodRef uid="96" vc="1" />
                    <TrackedMethodRef uid="100" vc="1" />
                    <TrackedMethodRef uid="112" vc="1" />
                    <TrackedMethodRef uid="79" vc="2" />
                    <TrackedMethodRef uid="76" vc="1" />
                    <TrackedMethodRef uid="75" vc="1" />
                    <TrackedMethodRef uid="78" vc="1" />
                    <TrackedMethodRef uid="77" vc="1" />
                    <TrackedMethodRef uid="71" vc="1" />
                    <TrackedMethodRef uid="74" vc="1" />
                    <TrackedMethodRef uid="73" vc="1" />
                    <TrackedMethodRef uid="70" vc="1" />
                    <TrackedMethodRef uid="72" vc="1" />
                    <TrackedMethodRef uid="121" vc="1" />
                    <TrackedMethodRef uid="123" vc="1" />
                    <TrackedMethodRef uid="122" vc="1" />
                    <TrackedMethodRef uid="51" vc="1" />
                    <TrackedMethodRef uid="50" vc="1" />
                    <TrackedMethodRef uid="3" vc="1" />
                    <TrackedMethodRef uid="6" vc="1" />
                    <TrackedMethodRef uid="9" vc="1" />
                    <TrackedMethodRef uid="12" vc="1" />
                    <TrackedMethodRef uid="1" vc="1" />
                    <TrackedMethodRef uid="4" vc="1" />
                    <TrackedMethodRef uid="14" vc="1" />
                    <TrackedMethodRef uid="13" vc="1" />
                    <TrackedMethodRef uid="25" vc="1" />
                    <TrackedMethodRef uid="24" vc="1" />
                    <TrackedMethodRef uid="23" vc="1" />
                    <TrackedMethodRef uid="10" vc="1" />
                    <TrackedMethodRef uid="16" vc="1" />
                    <TrackedMethodRef uid="15" vc="1" />
                    <TrackedMethodRef uid="22" vc="1" />
                    <TrackedMethodRef uid="21" vc="1" />
                    <TrackedMethodRef uid="20" vc="1" />
                    <TrackedMethodRef uid="7" vc="1" />
                    <TrackedMethodRef uid="2" vc="1" />
                    <TrackedMethodRef uid="5" vc="1" />
                    <TrackedMethodRef uid="8" vc="1" />
                    <TrackedMethodRef uid="11" vc="1" />
                    <TrackedMethodRef uid="26" vc="1" />
                  </TrackedMethodRefs>
                </SequencePoint>
                <SequencePoint vc="70" uspid="6" ordinal="5" offset="36" sl="12" sc="17" el="12" ec="44" bec="0" bev="0" fileid="1">
                  <TrackedMethodRefs>
                    <TrackedMethodRef uid="139" vc="1" />
                    <TrackedMethodRef uid="144" vc="1" />
                    <TrackedMethodRef uid="145" vc="1" />
                    <TrackedMethodRef uid="143" vc="1" />
                    <TrackedMethodRef uid="140" vc="1" />
                    <TrackedMethodRef uid="142" vc="1" />
                    <TrackedMethodRef uid="141" vc="1" />
                    <TrackedMethodRef uid="138" vc="1" />
                    <TrackedMethodRef uid="90" vc="1" />
                    <TrackedMethodRef uid="113" vc="1" />
                    <TrackedMethodRef uid="88" vc="1" />
                    <TrackedMethodRef uid="83" vc="1" />
                    <TrackedMethodRef uid="80" vc="1" />
                    <TrackedMethodRef uid="82" vc="1" />
                    <TrackedMethodRef uid="81" vc="1" />
                    <TrackedMethodRef uid="91" vc="1" />
                    <TrackedMethodRef uid="94" vc="1" />
                    <TrackedMethodRef uid="97" vc="1" />
                    <TrackedMethodRef uid="99" vc="1" />
                    <TrackedMethodRef uid="92" vc="1" />
                    <TrackedMethodRef uid="102" vc="1" />
                    <TrackedMethodRef uid="101" vc="1" />
                    <TrackedMethodRef uid="111" vc="1" />
                    <TrackedMethodRef uid="110" vc="1" />
                    <TrackedMethodRef uid="109" vc="1" />
                    <TrackedMethodRef uid="98" vc="1" />
                    <TrackedMethodRef uid="104" vc="1" />
                    <TrackedMethodRef uid="103" vc="1" />
                    <TrackedMethodRef uid="108" vc="1" />
                    <TrackedMethodRef uid="107" vc="1" />
                    <TrackedMethodRef uid="106" vc="1" />
                    <TrackedMethodRef uid="95" vc="1" />
                    <TrackedMethodRef uid="89" vc="1" />
                    <TrackedMethodRef uid="93" vc="1" />
                    <TrackedMethodRef uid="96" vc="1" />
                    <TrackedMethodRef uid="100" vc="1" />
                    <TrackedMethodRef uid="79" vc="2" />
                    <TrackedMethodRef uid="76" vc="1" />
                    <TrackedMethodRef uid="75" vc="1" />
                    <TrackedMethodRef uid="78" vc="1" />
                    <TrackedMethodRef uid="77" vc="1" />
                    <TrackedMethodRef uid="71" vc="1" />
                    <TrackedMethodRef uid="74" vc="1" />
                    <TrackedMethodRef uid="73" vc="1" />
                    <TrackedMethodRef uid="70" vc="1" />
                    <TrackedMethodRef uid="72" vc="1" />
                    <TrackedMethodRef uid="51" vc="1" />
                    <TrackedMethodRef uid="50" vc="1" />
                    <TrackedMethodRef uid="3" vc="1" />
                    <TrackedMethodRef uid="6" vc="1" />
                    <TrackedMethodRef uid="9" vc="1" />
                    <TrackedMethodRef uid="12" vc="1" />
                    <TrackedMethodRef uid="4" vc="1" />
                    <TrackedMethodRef uid="14" vc="1" />
                    <TrackedMethodRef uid="13" vc="1" />
                    <TrackedMethodRef uid="25" vc="1" />
                    <TrackedMethodRef uid="24" vc="1" />
                    <TrackedMethodRef uid="23" vc="1" />
                    <TrackedMethodRef uid="10" vc="1" />
                    <TrackedMethodRef uid="16" vc="1" />
                    <TrackedMethodRef uid="15" vc="1" />
                    <TrackedMethodRef uid="22" vc="1" />
                    <TrackedMethodRef uid="21" vc="1" />
                    <TrackedMethodRef uid="20" vc="1" />
                    <TrackedMethodRef uid="7" vc="1" />
                    <TrackedMethodRef uid="2" vc="1" />
                    <TrackedMethodRef uid="5" vc="1" />
                    <TrackedMethodRef uid="8" vc="1" />
                    <TrackedMethodRef uid="11" vc="1" />
                  </TrackedMethodRefs>
                </SequencePoint>
                <SequencePoint vc="77" uspid="7" ordinal="6" offset="49" sl="14" sc="13" el="14" ec="35" bec="0" bev="0" fileid="1">
                  <TrackedMethodRefs>
                    <TrackedMethodRef uid="139" vc="1" />
                    <TrackedMethodRef uid="144" vc="1" />
                    <TrackedMethodRef uid="145" vc="1" />
                    <TrackedMethodRef uid="143" vc="1" />
                    <TrackedMethodRef uid="140" vc="1" />
                    <TrackedMethodRef uid="142" vc="1" />
                    <TrackedMethodRef uid="141" vc="1" />
                    <TrackedMethodRef uid="138" vc="1" />
                    <TrackedMethodRef uid="90" vc="1" />
                    <TrackedMethodRef uid="113" vc="1" />
                    <TrackedMethodRef uid="88" vc="1" />
                    <TrackedMethodRef uid="83" vc="1" />
                    <TrackedMethodRef uid="80" vc="1" />
                    <TrackedMethodRef uid="82" vc="1" />
                    <TrackedMethodRef uid="81" vc="1" />
                    <TrackedMethodRef uid="91" vc="1" />
                    <TrackedMethodRef uid="94" vc="1" />
                    <TrackedMethodRef uid="97" vc="1" />
                    <TrackedMethodRef uid="99" vc="1" />
                    <TrackedMethodRef uid="87" vc="1" />
                    <TrackedMethodRef uid="92" vc="1" />
                    <TrackedMethodRef uid="102" vc="1" />
                    <TrackedMethodRef uid="101" vc="1" />
                    <TrackedMethodRef uid="111" vc="1" />
                    <TrackedMethodRef uid="110" vc="1" />
                    <TrackedMethodRef uid="109" vc="1" />
                    <TrackedMethodRef uid="98" vc="1" />
                    <TrackedMethodRef uid="104" vc="1" />
                    <TrackedMethodRef uid="103" vc="1" />
                    <TrackedMethodRef uid="108" vc="1" />
                    <TrackedMethodRef uid="107" vc="1" />
                    <TrackedMethodRef uid="106" vc="1" />
                    <TrackedMethodRef uid="95" vc="1" />
                    <TrackedMethodRef uid="89" vc="1" />
                    <TrackedMethodRef uid="93" vc="1" />
                    <TrackedMethodRef uid="96" vc="1" />
                    <TrackedMethodRef uid="100" vc="1" />
                    <TrackedMethodRef uid="112" vc="1" />
                    <TrackedMethodRef uid="79" vc="2" />
                    <TrackedMethodRef uid="76" vc="1" />
                    <TrackedMethodRef uid="75" vc="1" />
                    <TrackedMethodRef uid="78" vc="1" />
                    <TrackedMethodRef uid="77" vc="1" />
                    <TrackedMethodRef uid="71" vc="1" />
                    <TrackedMethodRef uid="74" vc="1" />
                    <TrackedMethodRef uid="73" vc="1" />
                    <TrackedMethodRef uid="70" vc="1" />
                    <TrackedMethodRef uid="72" vc="1" />
                    <TrackedMethodRef uid="121" vc="1" />
                    <TrackedMethodRef uid="123" vc="1" />
                    <TrackedMethodRef uid="122" vc="1" />
                    <TrackedMethodRef uid="51" vc="1" />
                    <TrackedMethodRef uid="50" vc="1" />
                    <TrackedMethodRef uid="3" vc="1" />
                    <TrackedMethodRef uid="6" vc="1" />
                    <TrackedMethodRef uid="9" vc="1" />
                    <TrackedMethodRef uid="12" vc="1" />
                    <TrackedMethodRef uid="1" vc="1" />
                    <TrackedMethodRef uid="4" vc="1" />
                    <TrackedMethodRef uid="14" vc="1" />
                    <TrackedMethodRef uid="13" vc="1" />
                    <TrackedMethodRef uid="25" vc="1" />
                    <TrackedMethodRef uid="24" vc="1" />
                    <TrackedMethodRef uid="23" vc="1" />
                    <TrackedMethodRef uid="10" vc="1" />
                    <TrackedMethodRef uid="16" vc="1" />
                    <TrackedMethodRef uid="15" vc="1" />
                    <TrackedMethodRef uid="22" vc="1" />
                    <TrackedMethodRef uid="21" vc="1" />
                    <TrackedMethodRef uid="20" vc="1" />
                    <TrackedMethodRef uid="7" vc="1" />
                    <TrackedMethodRef uid="2" vc="1" />
                    <TrackedMethodRef uid="5" vc="1" />
                    <TrackedMethodRef uid="8" vc="1" />
                    <TrackedMethodRef uid="11" vc="1" />
                    <TrackedMethodRef uid="26" vc="1" />
                  </TrackedMethodRefs>
                </SequencePoint>
                <SequencePoint vc="77" uspid="8" ordinal="7" offset="57" sl="15" sc="9" el="15" ec="10" bec="0" bev="0" fileid="1">
                  <TrackedMethodRefs>
                    <TrackedMethodRef uid="139" vc="1" />
                    <TrackedMethodRef uid="144" vc="1" />
                    <TrackedMethodRef uid="145" vc="1" />
                    <TrackedMethodRef uid="143" vc="1" />
                    <TrackedMethodRef uid="140" vc="1" />
                    <TrackedMethodRef uid="142" vc="1" />
                    <TrackedMethodRef uid="141" vc="1" />
                    <TrackedMethodRef uid="138" vc="1" />
                    <TrackedMethodRef uid="90" vc="1" />
                    <TrackedMethodRef uid="113" vc="1" />
                    <TrackedMethodRef uid="88" vc="1" />
                    <TrackedMethodRef uid="83" vc="1" />
                    <TrackedMethodRef uid="80" vc="1" />
                    <TrackedMethodRef uid="82" vc="1" />
                    <TrackedMethodRef uid="81" vc="1" />
                    <TrackedMethodRef uid="91" vc="1" />
                    <TrackedMethodRef uid="94" vc="1" />
                    <TrackedMethodRef uid="97" vc="1" />
                    <TrackedMethodRef uid="99" vc="1" />
                    <TrackedMethodRef uid="87" vc="1" />
                    <TrackedMethodRef uid="92" vc="1" />
                    <TrackedMethodRef uid="102" vc="1" />
                    <TrackedMethodRef uid="101" vc="1" />
                    <TrackedMethodRef uid="111" vc="1" />
                    <TrackedMethodRef uid="110" vc="1" />
                    <TrackedMethodRef uid="109" vc="1" />
                    <TrackedMethodRef uid="98" vc="1" />
                    <TrackedMethodRef uid="104" vc="1" />
                    <TrackedMethodRef uid="103" vc="1" />
                    <TrackedMethodRef uid="108" vc="1" />
                    <TrackedMethodRef uid="107" vc="1" />
                    <TrackedMethodRef uid="106" vc="1" />
                    <TrackedMethodRef uid="95" vc="1" />
                    <TrackedMethodRef uid="89" vc="1" />
                    <TrackedMethodRef uid="93" vc="1" />
                    <TrackedMethodRef uid="96" vc="1" />
                    <TrackedMethodRef uid="100" vc="1" />
                    <TrackedMethodRef uid="112" vc="1" />
                    <TrackedMethodRef uid="79" vc="2" />
                    <TrackedMethodRef uid="76" vc="1" />
                    <TrackedMethodRef uid="75" vc="1" />
                    <TrackedMethodRef uid="78" vc="1" />
                    <TrackedMethodRef uid="77" vc="1" />
                    <TrackedMethodRef uid="71" vc="1" />
                    <TrackedMethodRef uid="74" vc="1" />
                    <TrackedMethodRef uid="73" vc="1" />
                    <TrackedMethodRef uid="70" vc="1" />
                    <TrackedMethodRef uid="72" vc="1" />
                    <TrackedMethodRef uid="121" vc="1" />
                    <TrackedMethodRef uid="123" vc="1" />
                    <TrackedMethodRef uid="122" vc="1" />
                    <TrackedMethodRef uid="51" vc="1" />
                    <TrackedMethodRef uid="50" vc="1" />
                    <TrackedMethodRef uid="3" vc="1" />
                    <TrackedMethodRef uid="6" vc="1" />
                    <TrackedMethodRef uid="9" vc="1" />
                    <TrackedMethodRef uid="12" vc="1" />
                    <TrackedMethodRef uid="1" vc="1" />
                    <TrackedMethodRef uid="4" vc="1" />
                    <TrackedMethodRef uid="14" vc="1" />
                    <TrackedMethodRef uid="13" vc="1" />
                    <TrackedMethodRef uid="25" vc="1" />
                    <TrackedMethodRef uid="24" vc="1" />
                    <TrackedMethodRef uid="23" vc="1" />
                    <TrackedMethodRef uid="10" vc="1" />
                    <TrackedMethodRef uid="16" vc="1" />
                    <TrackedMethodRef uid="15" vc="1" />
                    <TrackedMethodRef uid="22" vc="1" />
                    <TrackedMethodRef uid="21" vc="1" />
                    <TrackedMethodRef uid="20" vc="1" />
                    <TrackedMethodRef uid="7" vc="1" />
                    <TrackedMethodRef uid="2" vc="1" />
                    <TrackedMethodRef uid="5" vc="1" />
                    <TrackedMethodRef uid="8" vc="1" />
                    <TrackedMethodRef uid="11" vc="1" />
                    <TrackedMethodRef uid="26" vc="1" />
                  </TrackedMethodRefs>
                </SequencePoint>
              </SequencePoints>
              <BranchPoints>
                <BranchPoint vc="70" uspid="9" ordinal="0" offset="34" sl="11" path="0" offsetend="36" fileid="1">
                  <TrackedMethodRefs>
                    <TrackedMethodRef uid="139" vc="1" />
                    <TrackedMethodRef uid="144" vc="1" />
                    <TrackedMethodRef uid="145" vc="1" />
                    <TrackedMethodRef uid="143" vc="1" />
                    <TrackedMethodRef uid="140" vc="1" />
                    <TrackedMethodRef uid="142" vc="1" />
                    <TrackedMethodRef uid="141" vc="1" />
                    <TrackedMethodRef uid="138" vc="1" />
                    <TrackedMethodRef uid="90" vc="1" />
                    <TrackedMethodRef uid="113" vc="1" />
                    <TrackedMethodRef uid="88" vc="1" />
[...]
                <BranchPoint vc="0" uspid="374" ordinal="34" offset="388" sl="44" path="0" offsetend="390" fileid="42" />
                <BranchPoint vc="0" uspid="375" ordinal="35" offset="388" sl="44" path="1" offsetend="393" fileid="42" />
              </BranchPoints>
              <MethodPoint xsi:type="SequencePoint" vc="0" uspid="329" ordinal="0" offset="0" sl="15" sc="9" el="15" ec="10" bec="0" bev="0" fileid="42" />
            </Method>
            <Method visited="false" cyclomaticComplexity="1" nPathComplexity="0" sequenceCoverage="0" branchCoverage="0" isConstructor="true" isStatic="false" isGetter="false" isSetter="false">
              <Summary numSequencePoints="0" visitedSequencePoints="0" numBranchPoints="0" visitedBranchPoints="0" sequenceCoverage="0" branchCoverage="0" maxCyclomaticComplexity="1" minCyclomaticComplexity="1" visitedClasses="0" numClasses="0" visitedMethods="0" numMethods="0" />
              <MetadataToken>100663312</MetadataToken>
              <Name>System.Void DesignByContract.Domain.Contracts.Entities.PersonValidation`1::.ctor()</Name>
              <SequencePoints />
              <BranchPoints />
              <MethodPoint vc="0" uspid="376" ordinal="0" offset="0" />
            </Method>
          </Methods>
        </Class>
        <Class>
          <Summary numSequencePoints="9" visitedSequencePoints="0" numBranchPoints="2" visitedBranchPoints="0" sequenceCoverage="0" branchCoverage="0" maxCyclomaticComplexity="1" minCyclomaticComplexity="1" visitedClasses="0" numClasses="1" visitedMethods="0" numMethods="2" />
          <FullName>DesignByContract.Domain.Entities.Category</FullName>
          <Methods>
            <Method skippedDueTo="AutoImplementedProperty" visited="false" cyclomaticComplexity="1" nPathComplexity="0" sequenceCoverage="0" branchCoverage="0" isConstructor="false" isStatic="false" isGetter="true" isSetter="false">
              <MetadataToken>100663315</MetadataToken>
              <Name>System.String DesignByContract.Domain.Entities.Category::get_Description()</Name>
              <FileRef uid="43" />
              <SequencePoints />
              <BranchPoints />
            </Method>
            <Method visited="false" cyclomaticComplexity="1" nPathComplexity="0" sequenceCoverage="0" branchCoverage="0" isConstructor="true" isStatic="false" isGetter="false" isSetter="false">
              <Summary numSequencePoints="5" visitedSequencePoints="0" numBranchPoints="1" visitedBranchPoints="0" sequenceCoverage="0" branchCoverage="0" maxCyclomaticComplexity="1" minCyclomaticComplexity="1" visitedClasses="0" numClasses="0" visitedMethods="0" numMethods="1" />
              <MetadataToken>100663313</MetadataToken>
              <Name>System.Void DesignByContract.Domain.Entities.Category::.ctor(System.Guid,System.String,System.String)</Name>
              <FileRef uid="43" />
              <SequencePoints>
                <SequencePoint vc="0" uspid="377" ordinal="0" offset="0" sl="16" sc="15" el="16" ec="34" bec="0" bev="0" fileid="43" />
                <SequencePoint vc="0" uspid="378" ordinal="1" offset="9" sl="17" sc="9" el="17" ec="10" bec="0" bev="0" fileid="43" />
                <SequencePoint vc="0" uspid="379" ordinal="2" offset="10" sl="18" sc="13" el="18" ec="39" bec="0" bev="0" fileid="43" />
                <SequencePoint vc="0" uspid="380" ordinal="3" offset="17" sl="20" sc="13" el="20" ec="24" bec="0" bev="0" fileid="43" />
                <SequencePoint vc="0" uspid="381" ordinal="4" offset="24" sl="21" sc="9" el="21" ec="10" bec="0" bev="0" fileid="43" />
              </SequencePoints>
              <BranchPoints />
              <MethodPoint xsi:type="SequencePoint" vc="0" uspid="377" ordinal="0" offset="0" sl="16" sc="15" el="16" ec="34" bec="0" bev="0" fileid="43" />
            </Method>
            <Method visited="false" cyclomaticComplexity="1" nPathComplexity="0" sequenceCoverage="0" branchCoverage="0" isConstructor="false" isStatic="false" isGetter="false" isSetter="false">
              <Summary numSequencePoints="4" visitedSequencePoints="0" numBranchPoints="1" visitedBranchPoints="0" sequenceCoverage="0" branchCoverage="0" maxCyclomaticComplexity="1" minCyclomaticComplexity="1" visitedClasses="0" numClasses="0" visitedMethods="0" numMethods="1" />
              <MetadataToken>100663314</MetadataToken>
              <Name>System.Void DesignByContract.Domain.Entities.Category::Validate()</Name>
              <FileRef uid="43" />
              <SequencePoints>
                <SequencePoint vc="0" uspid="382" ordinal="0" offset="0" sl="24" sc="9" el="24" ec="10" bec="0" bev="0" fileid="43" />
                <SequencePoint vc="0" uspid="383" ordinal="1" offset="1" sl="25" sc="13" el="25" ec="67" bec="0" bev="0" fileid="43" />
                <SequencePoint vc="0" uspid="384" ordinal="2" offset="13" sl="26" sc="13" el="26" ec="52" bec="0" bev="0" fileid="43" />
                <SequencePoint vc="0" uspid="385" ordinal="3" offset="26" sl="27" sc="9" el="27" ec="10" bec="0" bev="0" fileid="43" />
              </SequencePoints>
              <BranchPoints />
              <MethodPoint xsi:type="SequencePoint" vc="0" uspid="382" ordinal="0" offset="0" sl="24" sc="9" el="24" ec="10" bec="0" bev="0" fileid="43" />
            </Method>
          </Methods>
        </Class>
        <Class>
          <Summary numSequencePoints="16" visitedSequencePoints="0" numBranchPoints="10" visitedBranchPoints="0" sequenceCoverage="0" branchCoverage="0" maxCyclomaticComplexity="5" minCyclomaticComplexity="1" visitedClasses="0" numClasses="1" visitedMethods="0" numMethods="2" />
          <FullName>DesignByContract.Domain.Entities.Person</FullName>
          <Methods>
            <Method skippedDueTo="AutoImplementedProperty" visited="false" cyclomaticComplexity="1" nPathComplexity="0" sequenceCoverage="0" branchCoverage="0" isConstructor="false" isStatic="false" isGetter="true" isSetter="false">
              <MetadataToken>100663318</MetadataToken>
              <Name>DesignByContract.Domain.ValueObjects.PersonName DesignByContract.Domain.Entities.Person::get_Name()</Name>
              <FileRef uid="44" />
              <SequencePoints />
              <BranchPoints />
            </Method>
            <Method skippedDueTo="AutoImplementedProperty" visited="false" cyclomaticComplexity="1" nPathComplexity="0" sequenceCoverage="0" branchCoverage="0" isConstructor="false" isStatic="false" isGetter="true" isSetter="false">
              <MetadataToken>100663319</MetadataToken>
              <Name>DesignByContract.Domain.ValueObjects.Email DesignByContract.Domain.Entities.Person::get_Email()</Name>
              <FileRef uid="44" />
              <SequencePoints />
              <BranchPoints />
            </Method>
            <Method skippedDueTo="AutoImplementedProperty" visited="false" cyclomaticComplexity="1" nPathComplexity="0" sequenceCoverage="0" branchCoverage="0" isConstructor="false" isStatic="false" isGetter="true" isSetter="false">
              <MetadataToken>100663320</MetadataToken>
              <Name>DesignByContract.Domain.Entities.Category DesignByContract.Domain.Entities.Person::get_Category()</Name>
              <FileRef uid="44" />
              <SequencePoints />
              <BranchPoints />
            </Method>
            <Method skippedDueTo="AutoImplementedProperty" visited="false" cyclomaticComplexity="1" nPathComplexity="0" sequenceCoverage="0" branchCoverage="0" isConstructor="false" isStatic="false" isGetter="true" isSetter="false">
              <MetadataToken>100663321</MetadataToken>
              <Name>DesignByContract.Domain.Entities.Person DesignByContract.Domain.Entities.Person::get_Manager()</Name>
              <FileRef uid="44" />
              <SequencePoints />
              <BranchPoints />
            </Method>
            <Method visited="false" cyclomaticComplexity="5" nPathComplexity="16" sequenceCoverage="0" branchCoverage="0" isConstructor="true" isStatic="false" isGetter="false" isSetter="false">
              <Summary numSequencePoints="12" visitedSequencePoints="0" numBranchPoints="9" visitedBranchPoints="0" sequenceCoverage="0" branchCoverage="0" maxCyclomaticComplexity="5" minCyclomaticComplexity="5" visitedClasses="0" numClasses="0" visitedMethods="0" numMethods="1" />
              <MetadataToken>100663316</MetadataToken>
              <Name>System.Void DesignByContract.Domain.Entities.Person::.ctor(System.Guid,DesignByContract.Domain.ValueObjects.PersonName,DesignByContract.Domain.ValueObjects.Email,DesignByContract.Domain.Entities.Category,DesignByContract.Domain.Entities.Person,System.String)</Name>
              <FileRef uid="44" />
              <SequencePoints>
                <SequencePoint vc="0" uspid="386" ordinal="0" offset="0" sl="21" sc="15" el="21" ec="34" bec="0" bev="0" fileid="44" />
                <SequencePoint vc="0" uspid="387" ordinal="1" offset="10" sl="22" sc="9" el="22" ec="10" bec="0" bev="0" fileid="44" />
                <SequencePoint vc="0" uspid="388" ordinal="2" offset="11" sl="24" sc="13" el="24" ec="25" bec="0" bev="0" fileid="44" />
                <SequencePoint vc="0" uspid="389" ordinal="3" offset="18" sl="25" sc="13" el="25" ec="27" bec="0" bev="0" fileid="44" />
                <SequencePoint vc="0" uspid="390" ordinal="4" offset="25" sl="26" sc="13" el="26" ec="33" bec="0" bev="0" fileid="44" />
                <SequencePoint vc="0" uspid="391" ordinal="5" offset="33" sl="27" sc="13" el="27" ec="31" bec="0" bev="0" fileid="44" />
                <SequencePoint vc="0" uspid="392" ordinal="6" offset="41" sl="29" sc="13" el="29" ec="61" bec="2" bev="0" fileid="44" />
                <SequencePoint vc="0" uspid="393" ordinal="7" offset="110" sl="30" sc="13" el="30" ec="63" bec="2" bev="0" fileid="44" />
                <SequencePoint vc="0" uspid="394" ordinal="8" offset="179" sl="31" sc="13" el="31" ec="69" bec="2" bev="0" fileid="44" />
                <SequencePoint vc="0" uspid="395" ordinal="9" offset="248" sl="32" sc="13" el="32" ec="67" bec="2" bev="0" fileid="44" />
                <SequencePoint vc="0" uspid="396" ordinal="10" offset="317" sl="34" sc="13" el="34" ec="24" bec="0" bev="0" fileid="44" />
                <SequencePoint vc="0" uspid="397" ordinal="11" offset="324" sl="35" sc="9" el="35" ec="10" bec="0" bev="0" fileid="44" />
              </SequencePoints>
              <BranchPoints>
                <BranchPoint vc="0" uspid="398" ordinal="0" offset="48" sl="29" path="0" offsetend="50" fileid="44" />
                <BranchPoint vc="0" uspid="399" ordinal="1" offset="48" sl="29" path="1" offsetend="53" fileid="44" />
                <BranchPoint vc="0" uspid="400" ordinal="2" offset="117" sl="30" path="0" offsetend="119" fileid="44" />
                <BranchPoint vc="0" uspid="401" ordinal="3" offset="117" sl="30" path="1" offsetend="122" fileid="44" />
                <BranchPoint vc="0" uspid="402" ordinal="4" offset="186" sl="31" path="0" offsetend="188" fileid="44" />
                <BranchPoint vc="0" uspid="403" ordinal="5" offset="186" sl="31" path="1" offsetend="191" fileid="44" />
                <BranchPoint vc="0" uspid="404" ordinal="6" offset="255" sl="32" path="0" offsetend="257" fileid="44" />
                <BranchPoint vc="0" uspid="405" ordinal="7" offset="255" sl="32" path="1" offsetend="260" fileid="44" />
              </BranchPoints>
              <MethodPoint xsi:type="SequencePoint" vc="0" uspid="386" ordinal="0" offset="0" sl="21" sc="15" el="21" ec="34" bec="0" bev="0" fileid="44" />
            </Method>
            <Method visited="false" cyclomaticComplexity="1" nPathComplexity="0" sequenceCoverage="0" branchCoverage="0" isConstructor="false" isStatic="false" isGetter="false" isSetter="false">
              <Summary numSequencePoints="4" visitedSequencePoints="0" numBranchPoints="1" visitedBranchPoints="0" sequenceCoverage="0" branchCoverage="0" maxCyclomaticComplexity="1" minCyclomaticComplexity="1" visitedClasses="0" numClasses="0" visitedMethods="0" numMethods="1" />
              <MetadataToken>100663317</MetadataToken>
              <Name>System.Void DesignByContract.Domain.Entities.Person::Validate()</Name>
              <FileRef uid="44" />
              <SequencePoints>
                <SequencePoint vc="0" uspid="406" ordinal="0" offset="0" sl="38" sc="9" el="38" ec="10" bec="0" bev="0" fileid="44" />
                <SequencePoint vc="0" uspid="407" ordinal="1" offset="1" sl="39" sc="13" el="39" ec="65" bec="0" bev="0" fileid="44" />
                <SequencePoint vc="0" uspid="408" ordinal="2" offset="13" sl="40" sc="13" el="40" ec="52" bec="0" bev="0" fileid="44" />
                <SequencePoint vc="0" uspid="409" ordinal="3" offset="26" sl="41" sc="9" el="41" ec="10" bec="0" bev="0" fileid="44" />
              </SequencePoints>
              <BranchPoints />
              <MethodPoint xsi:type="SequencePoint" vc="0" uspid="406" ordinal="0" offset="0" sl="38" sc="9" el="38" ec="10" bec="0" bev="0" fileid="44" />
            </Method>
          </Methods>
        </Class>
        <Class>
          <Summary numSequencePoints="20" visitedSequencePoints="0" numBranchPoints="5" visitedBranchPoints="0" sequenceCoverage="0" branchCoverage="0" maxCyclomaticComplexity="2" minCyclomaticComplexity="1" visitedClasses="0" numClasses="1" visitedMethods="0" numMethods="3" />
          <FullName>DesignByContract.Domain.Commands.SavePerson</FullName>
          <Methods>
            <Method visited="false" cyclomaticComplexity="1" nPathComplexity="0" sequenceCoverage="0" branchCoverage="0" isConstructor="true" isStatic="false" isGetter="false" isSetter="false">
              <Summary numSequencePoints="6" visitedSequencePoints="0" numBranchPoints="1" visitedBranchPoints="0" sequenceCoverage="0" branchCoverage="0" maxCyclomaticComplexity="1" minCyclomaticComplexity="1" visitedClasses="0" numClasses="0" visitedMethods="0" numMethods="1" />
              <MetadataToken>100663322</MetadataToken>
              <Name>System.Void DesignByContract.Domain.Commands.SavePerson::.ctor(DesignByContract.Domain.Entities.Person)</Name>
              <FileRef uid="45" />
              <SequencePoints>
                <SequencePoint vc="0" uspid="410" ordinal="0" offset="0" sl="12" sc="15" el="12" ec="27" bec="0" bev="0" fileid="45" />
                <SequencePoint vc="0" uspid="411" ordinal="1" offset="8" sl="13" sc="9" el="13" ec="10" bec="0" bev="0" fileid="45" />
                <SequencePoint vc="0" uspid="412" ordinal="2" offset="9" sl="14" sc="13" el="14" ec="30" bec="0" bev="0" fileid="45" />
                <SequencePoint vc="0" uspid="413" ordinal="3" offset="16" sl="15" sc="13" el="18" ec="47" bec="0" bev="0" fileid="45" />
                <SequencePoint vc="0" uspid="414" ordinal="4" offset="47" sl="19" sc="13" el="19" ec="53" bec="0" bev="0" fileid="45" />
                <SequencePoint vc="0" uspid="415" ordinal="5" offset="65" sl="20" sc="9" el="20" ec="10" bec="0" bev="0" fileid="45" />
              </SequencePoints>
              <BranchPoints />
              <MethodPoint xsi:type="SequencePoint" vc="0" uspid="410" ordinal="0" offset="0" sl="12" sc="15" el="12" ec="27" bec="0" bev="0" fileid="45" />
            </Method>
            <Method visited="false" cyclomaticComplexity="2" nPathComplexity="2" sequenceCoverage="0" branchCoverage="0" isConstructor="false" isStatic="false" isGetter="false" isSetter="false">
              <Summary numSequencePoints="10" visitedSequencePoints="0" numBranchPoints="3" visitedBranchPoints="0" sequenceCoverage="0" branchCoverage="0" maxCyclomaticComplexity="2" minCyclomaticComplexity="2" visitedClasses="0" numClasses="0" visitedMethods="0" numMethods="1" />
              <MetadataToken>100663323</MetadataToken>
              <Name>System.Void DesignByContract.Domain.Commands.SavePerson::Run()</Name>
              <FileRef uid="45" />
              <SequencePoints>
                <SequencePoint vc="0" uspid="416" ordinal="0" offset="0" sl="23" sc="9" el="23" ec="10" bec="0" bev="0" fileid="45" />
                <SequencePoint vc="0" uspid="417" ordinal="1" offset="1" sl="24" sc="13" el="24" ec="49" bec="2" bev="0" fileid="45" />
                <SequencePoint vc="0" uspid="418" ordinal="2" offset="24" sl="25" sc="13" el="25" ec="14" bec="0" bev="0" fileid="45" />
                <SequencePoint vc="0" uspid="419" ordinal="3" offset="25" sl="26" sc="17" el="26" ec="46" bec="0" bev="0" fileid="45" />
                <SequencePoint vc="0" uspid="420" ordinal="4" offset="32" sl="27" sc="13" el="27" ec="14" bec="0" bev="0" fileid="45" />
                <SequencePoint vc="0" uspid="421" ordinal="5" offset="35" sl="29" sc="13" el="29" ec="14" bec="0" bev="0" fileid="45" />
                <SequencePoint vc="0" uspid="422" ordinal="6" offset="36" sl="30" sc="17" el="33" ec="51" bec="0" bev="0" fileid="45" />
                <SequencePoint vc="0" uspid="423" ordinal="7" offset="67" sl="34" sc="17" el="34" ec="57" bec="0" bev="0" fileid="45" />
                <SequencePoint vc="0" uspid="424" ordinal="8" offset="85" sl="35" sc="13" el="35" ec="14" bec="0" bev="0" fileid="45" />
                <SequencePoint vc="0" uspid="425" ordinal="9" offset="86" sl="36" sc="9" el="36" ec="10" bec="0" bev="0" fileid="45" />
              </SequencePoints>
              <BranchPoints>
                <BranchPoint vc="0" uspid="426" ordinal="0" offset="22" sl="24" path="0" offsetend="24" fileid="45" />
                <BranchPoint vc="0" uspid="427" ordinal="1" offset="22" sl="24" path="1" offsetend="35" fileid="45" />
              </BranchPoints>
              <MethodPoint xsi:type="SequencePoint" vc="0" uspid="416" ordinal="0" offset="0" sl="23" sc="9" el="23" ec="10" bec="0" bev="0" fileid="45" />
            </Method>
            <Method visited="false" cyclomaticComplexity="1" nPathComplexity="0" sequenceCoverage="0" branchCoverage="0" isConstructor="false" isStatic="false" isGetter="false" isSetter="false">
              <Summary numSequencePoints="4" visitedSequencePoints="0" numBranchPoints="1" visitedBranchPoints="0" sequenceCoverage="0" branchCoverage="0" maxCyclomaticComplexity="1" minCyclomaticComplexity="1" visitedClasses="0" numClasses="0" visitedMethods="0" numMethods="1" />
              <MetadataToken>100663324</MetadataToken>
              <Name>System.Void DesignByContract.Domain.Commands.SavePerson::SavePersonInBackendSystems()</Name>
              <FileRef uid="45" />
              <SequencePoints>
                <SequencePoint vc="0" uspid="428" ordinal="0" offset="0" sl="39" sc="9" el="39" ec="10" bec="0" bev="0" fileid="45" />
                <SequencePoint vc="0" uspid="429" ordinal="1" offset="1" sl="40" sc="13" el="43" ec="47" bec="0" bev="0" fileid="45" />
                <SequencePoint vc="0" uspid="430" ordinal="2" offset="32" sl="44" sc="13" el="44" ec="53" bec="0" bev="0" fileid="45" />
                <SequencePoint vc="0" uspid="431" ordinal="3" offset="50" sl="45" sc="9" el="45" ec="10" bec="0" bev="0" fileid="45" />
              </SequencePoints>
              <BranchPoints />
              <MethodPoint xsi:type="SequencePoint" vc="0" uspid="428" ordinal="0" offset="0" sl="39" sc="9" el="39" ec="10" bec="0" bev="0" fileid="45" />
            </Method>
          </Methods>
        </Class>
      </Classes>
    </Module>
    <Module skippedDueTo="Filter" hash="1B-AE-C2-76-9D-2A-1A-E1-82-F0-BE-A5-E5-E9-C6-CF-98-96-FA-46">
      <ModulePath>C:\Windows\Microsoft.Net\assembly\GAC_MSIL\mscorlib.resources\v4.0_4.0.0.0_pt-BR_b77a5c561934e089\mscorlib.resources.dll</ModulePath>
      <ModuleTime>2017-10-07T12:37:19.92381Z</ModuleTime>
      <ModuleName>mscorlib.resources</ModuleName>
      <Classes />
    </Module>
  </Modules>
</CoverageSession>